{"/home/travis/build/npmtest/node-npmtest-node-webkit-builder/test.js":{"path":"/home/travis/build/npmtest/node-npmtest-node-webkit-builder/test.js","s":{"1":2,"2":2,"3":2,"4":2,"5":2,"6":2,"7":2,"8":1,"9":2,"10":2,"11":1,"12":1,"13":1,"14":1,"15":2,"16":2,"17":2,"18":2,"19":1,"20":1,"21":2,"22":2,"23":2,"24":1,"25":1,"26":1,"27":1,"28":1,"29":1,"30":1,"31":1,"32":1,"33":1,"34":1,"35":1,"36":1,"37":1,"38":1,"39":2,"40":2,"41":1,"42":2,"43":2,"44":1,"45":2,"46":2,"47":1,"48":2,"49":2,"50":1,"51":1,"52":1,"53":1,"54":1},"b":{"1":[2,1,1,1],"2":[1,1,1,1],"3":[1,1],"4":[1,1],"5":[1,1],"6":[1,1],"7":[1,1],"8":[1,1],"9":[1,1],"10":[1,1,1],"11":[1,1],"12":[1,1],"13":[1,1],"14":[1,1],"15":[1,1],"16":[1,1],"17":[1,1]},"f":{"1":2,"2":2,"3":2,"4":2,"5":2,"6":1,"7":1,"8":1,"9":2,"10":2,"11":2,"12":2,"13":1},"fnMap":{"1":{"name":"(anonymous_1)","line":12,"loc":{"start":{"line":12,"column":1},"end":{"line":12,"column":13}}},"2":{"name":"(anonymous_2)","line":19,"loc":{"start":{"line":19,"column":5},"end":{"line":19,"column":17}}},"3":{"name":"(anonymous_3)","line":23,"loc":{"start":{"line":23,"column":24},"end":{"line":23,"column":36}}},"4":{"name":"(anonymous_4)","line":61,"loc":{"start":{"line":61,"column":5},"end":{"line":61,"column":17}}},"5":{"name":"(anonymous_5)","line":82,"loc":{"start":{"line":82,"column":5},"end":{"line":82,"column":17}}},"6":{"name":"(anonymous_6)","line":91,"loc":{"start":{"line":91,"column":77},"end":{"line":94,"column":10}}},"7":{"name":"(anonymous_7)","line":112,"loc":{"start":{"line":112,"column":83},"end":{"line":115,"column":10}},"skip":true},"8":{"name":"(anonymous_8)","line":123,"loc":{"start":{"line":123,"column":77},"end":{"line":126,"column":10}},"skip":true},"9":{"name":"(anonymous_9)","line":139,"loc":{"start":{"line":139,"column":12},"end":{"line":139,"column":40}},"skip":true},"10":{"name":"(anonymous_10)","line":147,"loc":{"start":{"line":147,"column":77},"end":{"line":150,"column":10}},"skip":true},"11":{"name":"(anonymous_11)","line":158,"loc":{"start":{"line":158,"column":83},"end":{"line":161,"column":10}},"skip":true},"12":{"name":"(anonymous_12)","line":169,"loc":{"start":{"line":169,"column":79},"end":{"line":172,"column":10}},"skip":true},"13":{"name":"(anonymous_13)","line":180,"loc":{"start":{"line":180,"column":75},"end":{"line":183,"column":10}},"skip":true}},"statementMap":{"1":{"start":{"line":12,"column":0},"end":{"line":195,"column":5}},"2":{"start":{"line":14,"column":4},"end":{"line":14,"column":14}},"3":{"start":{"line":19,"column":4},"end":{"line":56,"column":9}},"4":{"start":{"line":21,"column":8},"end":{"line":21,"column":19}},"5":{"start":{"line":23,"column":8},"end":{"line":35,"column":13}},"6":{"start":{"line":24,"column":12},"end":{"line":34,"column":13}},"7":{"start":{"line":25,"column":16},"end":{"line":28,"column":30}},"8":{"start":{"line":30,"column":16},"end":{"line":33,"column":27}},"9":{"start":{"line":37,"column":8},"end":{"line":39,"column":21}},"10":{"start":{"line":40,"column":8},"end":{"line":53,"column":9}},"11":{"start":{"line":43,"column":12},"end":{"line":46,"column":14}},"12":{"start":{"line":47,"column":12},"end":{"line":47,"column":18}},"13":{"start":{"line":50,"column":12},"end":{"line":51,"column":33}},"14":{"start":{"line":52,"column":12},"end":{"line":52,"column":18}},"15":{"start":{"line":55,"column":8},"end":{"line":55,"column":35}},"16":{"start":{"line":61,"column":4},"end":{"line":63,"column":9}},"17":{"start":{"line":62,"column":8},"end":{"line":62,"column":15}},"18":{"start":{"line":64,"column":4},"end":{"line":77,"column":5}},"19":{"start":{"line":70,"column":8},"end":{"line":70,"column":14}},"20":{"start":{"line":76,"column":8},"end":{"line":76,"column":14}},"21":{"start":{"line":82,"column":4},"end":{"line":84,"column":9}},"22":{"start":{"line":83,"column":8},"end":{"line":83,"column":15}},"23":{"start":{"line":85,"column":4},"end":{"line":194,"column":5}},"24":{"start":{"line":91,"column":8},"end":{"line":99,"column":10}},"25":{"start":{"line":98,"column":12},"end":{"line":98,"column":35}},"26":{"start":{"line":102,"column":8},"end":{"line":104,"column":63}},"27":{"start":{"line":105,"column":8},"end":{"line":105,"column":14}},"28":{"start":{"line":112,"column":8},"end":{"line":121,"column":10},"skip":true},"29":{"start":{"line":119,"column":12},"end":{"line":119,"column":55},"skip":true},"30":{"start":{"line":120,"column":12},"end":{"line":120,"column":48},"skip":true},"31":{"start":{"line":123,"column":8},"end":{"line":136,"column":10},"skip":true},"32":{"start":{"line":130,"column":12},"end":{"line":130,"column":76},"skip":true},"33":{"start":{"line":131,"column":12},"end":{"line":131,"column":73},"skip":true},"34":{"start":{"line":132,"column":12},"end":{"line":132,"column":74},"skip":true},"35":{"start":{"line":133,"column":12},"end":{"line":133,"column":79},"skip":true},"36":{"start":{"line":134,"column":12},"end":{"line":134,"column":25},"skip":true},"37":{"start":{"line":135,"column":12},"end":{"line":135,"column":45},"skip":true},"38":{"start":{"line":138,"column":8},"end":{"line":145,"column":14},"skip":true},"39":{"start":{"line":143,"column":16},"end":{"line":143,"column":29},"skip":true},"40":{"start":{"line":144,"column":16},"end":{"line":144,"column":55},"skip":true},"41":{"start":{"line":147,"column":8},"end":{"line":156,"column":10},"skip":true},"42":{"start":{"line":154,"column":12},"end":{"line":154,"column":25},"skip":true},"43":{"start":{"line":155,"column":12},"end":{"line":155,"column":45},"skip":true},"44":{"start":{"line":158,"column":8},"end":{"line":167,"column":10},"skip":true},"45":{"start":{"line":165,"column":12},"end":{"line":165,"column":25},"skip":true},"46":{"start":{"line":166,"column":12},"end":{"line":166,"column":48},"skip":true},"47":{"start":{"line":169,"column":8},"end":{"line":178,"column":10},"skip":true},"48":{"start":{"line":176,"column":12},"end":{"line":176,"column":25},"skip":true},"49":{"start":{"line":177,"column":12},"end":{"line":177,"column":46},"skip":true},"50":{"start":{"line":180,"column":8},"end":{"line":189,"column":10},"skip":true},"51":{"start":{"line":187,"column":12},"end":{"line":187,"column":94},"skip":true},"52":{"start":{"line":188,"column":12},"end":{"line":188,"column":48},"skip":true},"53":{"start":{"line":192,"column":8},"end":{"line":192,"column":35},"skip":true},"54":{"start":{"line":193,"column":8},"end":{"line":193,"column":14},"skip":true}},"branchMap":{"1":{"line":25,"type":"binary-expr","locations":[{"start":{"line":25,"column":23},"end":{"line":25,"column":62}},{"start":{"line":26,"column":20},"end":{"line":26,"column":70}},{"start":{"line":27,"column":20},"end":{"line":27,"column":71}},{"start":{"line":28,"column":20},"end":{"line":28,"column":29}}]},"2":{"line":30,"type":"binary-expr","locations":[{"start":{"line":30,"column":23},"end":{"line":30,"column":37}},{"start":{"line":31,"column":20},"end":{"line":31,"column":61}},{"start":{"line":32,"column":20},"end":{"line":32,"column":70}},{"start":{"line":33,"column":20},"end":{"line":33,"column":26}}]},"3":{"line":37,"type":"cond-expr","locations":[{"start":{"line":38,"column":14},"end":{"line":38,"column":20}},{"start":{"line":39,"column":14},"end":{"line":39,"column":20}}]},"4":{"line":40,"type":"switch","locations":[{"start":{"line":42,"column":8},"end":{"line":47,"column":18}},{"start":{"line":49,"column":8},"end":{"line":52,"column":18}}]},"5":{"line":44,"type":"binary-expr","locations":[{"start":{"line":44,"column":16},"end":{"line":44,"column":44}},{"start":{"line":44,"column":48},"end":{"line":44,"column":66}}]},"6":{"line":50,"type":"binary-expr","locations":[{"start":{"line":50,"column":21},"end":{"line":50,"column":49}},{"start":{"line":50,"column":53},"end":{"line":50,"column":72}}]},"7":{"line":64,"type":"switch","locations":[{"start":{"line":69,"column":4},"end":{"line":70,"column":14}},{"start":{"line":75,"column":4},"end":{"line":76,"column":14}}]},"8":{"line":85,"type":"switch","locations":[{"start":{"line":90,"column":4},"end":{"line":105,"column":14}},{"start":{"line":111,"column":4},"end":{"line":193,"column":14},"skip":true}]},"9":{"line":91,"type":"binary-expr","locations":[{"start":{"line":91,"column":42},"end":{"line":91,"column":73}},{"start":{"line":91,"column":77},"end":{"line":99,"column":9}}]},"10":{"line":102,"type":"binary-expr","locations":[{"start":{"line":102,"column":18},"end":{"line":102,"column":32}},{"start":{"line":103,"column":12},"end":{"line":103,"column":53}},{"start":{"line":104,"column":12},"end":{"line":104,"column":61}}]},"11":{"line":112,"type":"binary-expr","locations":[{"start":{"line":112,"column":45},"end":{"line":112,"column":79},"skip":true},{"start":{"line":112,"column":83},"end":{"line":121,"column":9},"skip":true}]},"12":{"line":123,"type":"binary-expr","locations":[{"start":{"line":123,"column":42},"end":{"line":123,"column":73},"skip":true},{"start":{"line":123,"column":77},"end":{"line":136,"column":9},"skip":true}]},"13":{"line":138,"type":"binary-expr","locations":[{"start":{"line":138,"column":48},"end":{"line":138,"column":85},"skip":true},{"start":{"line":139,"column":12},"end":{"line":145,"column":13},"skip":true}]},"14":{"line":147,"type":"binary-expr","locations":[{"start":{"line":147,"column":42},"end":{"line":147,"column":73},"skip":true},{"start":{"line":147,"column":77},"end":{"line":156,"column":9},"skip":true}]},"15":{"line":158,"type":"binary-expr","locations":[{"start":{"line":158,"column":45},"end":{"line":158,"column":79},"skip":true},{"start":{"line":158,"column":83},"end":{"line":167,"column":9},"skip":true}]},"16":{"line":169,"type":"binary-expr","locations":[{"start":{"line":169,"column":43},"end":{"line":169,"column":75},"skip":true},{"start":{"line":169,"column":79},"end":{"line":178,"column":9},"skip":true}]},"17":{"line":180,"type":"binary-expr","locations":[{"start":{"line":180,"column":41},"end":{"line":180,"column":71},"skip":true},{"start":{"line":180,"column":75},"end":{"line":189,"column":9},"skip":true}]}},"code":["/* istanbul instrument in package npmtest_node_webkit_builder */","/*jslint","    bitwise: true,","    browser: true,","    maxerr: 8,","    maxlen: 96,","    node: true,","    nomen: true,","    regexp: true,","    stupid: true","*/","(function () {","    'use strict';","    var local;","","","","    // run shared js-env code - init-before","    (function () {","        // init local","        local = {};","        // init modeJs","        local.modeJs = (function () {","            try {","                return typeof navigator.userAgent === 'string' &&","                    typeof document.querySelector('body') === 'object' &&","                    typeof XMLHttpRequest.prototype.open === 'function' &&","                    'browser';","            } catch (errorCaughtBrowser) {","                return module.exports &&","                    typeof process.versions.node === 'string' &&","                    typeof require('http').createServer === 'function' &&","                    'node';","            }","        }());","        // init global","        local.global = local.modeJs === 'browser'","            ? window","            : global;","        switch (local.modeJs) {","        // re-init local from window.local","        case 'browser':","            local = local.global.utility2.objectSetDefault(","                local.global.utility2_rollup || local.global.local,","                local.global.utility2","            );","            break;","        // re-init local from example.js","        case 'node':","            local = (local.global.utility2_rollup || require('utility2'))","                .requireReadme();","            break;","        }","        // export local","        local.global.local = local;","    }());","","","","    // run shared js-env code - function","    (function () {","        return;","    }());","    switch (local.modeJs) {","","","","    // run browser js-env code - function","    case 'browser':","        break;","","","","    // run node js-env code - function","    case 'node':","        break;","    }","","","","    // run shared js-env code - init-after","    (function () {","        return;","    }());","    switch (local.modeJs) {","","","","    // run browser js-env code - init-after","    case 'browser':","        local.testCase_browser_nullCase = local.testCase_browser_nullCase || function (","            options,","            onError","        ) {","        /*","         * this function will test browsers's null-case handling-behavior-behavior","         */","            onError(null, options);","        };","","        // run tests","        local.nop(local.modeTest &&","            document.querySelector('#testRunButton1') &&","            document.querySelector('#testRunButton1').click());","        break;","","","","    // run node js-env code - init-after","    /* istanbul ignore next */","    case 'node':","        local.testCase_buildApidoc_default = local.testCase_buildApidoc_default || function (","            options,","            onError","        ) {","        /*","         * this function will test buildApidoc's default handling-behavior-behavior","         */","            options = { modulePathList: module.paths };","            local.buildApidoc(options, onError);","        };","","        local.testCase_buildApp_default = local.testCase_buildApp_default || function (","            options,","            onError","        ) {","        /*","         * this function will test buildApp's default handling-behavior-behavior","         */","            local.testCase_buildReadme_default(options, local.onErrorThrow);","            local.testCase_buildLib_default(options, local.onErrorThrow);","            local.testCase_buildTest_default(options, local.onErrorThrow);","            local.testCase_buildCustomOrg_default(options, local.onErrorThrow);","            options = [];","            local.buildApp(options, onError);","        };","","        local.testCase_buildCustomOrg_default = local.testCase_buildCustomOrg_default ||","            function (options, onError) {","            /*","             * this function will test buildCustomOrg's default handling-behavior","             */","                options = {};","                local.buildCustomOrg(options, onError);","            };","","        local.testCase_buildLib_default = local.testCase_buildLib_default || function (","            options,","            onError","        ) {","        /*","         * this function will test buildLib's default handling-behavior","         */","            options = {};","            local.buildLib(options, onError);","        };","","        local.testCase_buildReadme_default = local.testCase_buildReadme_default || function (","            options,","            onError","        ) {","        /*","         * this function will test buildReadme's default handling-behavior-behavior","         */","            options = {};","            local.buildReadme(options, onError);","        };","","        local.testCase_buildTest_default = local.testCase_buildTest_default || function (","            options,","            onError","        ) {","        /*","         * this function will test buildTest's default handling-behavior","         */","            options = {};","            local.buildTest(options, onError);","        };","","        local.testCase_webpage_default = local.testCase_webpage_default || function (","            options,","            onError","        ) {","        /*","         * this function will test webpage's default handling-behavior","         */","            options = { modeCoverageMerge: true, url: local.serverLocalHost + '?modeTest=1' };","            local.browserTest(options, onError);","        };","","        // run test-server","        local.testRunServer(local);","        break;","    }","}());",""],"l":{"12":2,"14":2,"19":2,"21":2,"23":2,"24":2,"25":2,"30":1,"37":2,"40":2,"43":1,"47":1,"50":1,"52":1,"55":2,"61":2,"62":2,"64":2,"70":1,"76":1,"82":2,"83":2,"85":2,"91":1,"98":1,"102":1,"105":1,"112":1,"119":1,"120":1,"123":1,"130":1,"131":1,"132":1,"133":1,"134":1,"135":1,"138":1,"143":2,"144":2,"147":1,"154":2,"155":2,"158":1,"165":2,"166":2,"169":1,"176":2,"177":2,"180":1,"187":1,"188":1,"192":1,"193":1}},"/home/travis/build/npmtest/node-npmtest-node-webkit-builder/lib.npmtest_node_webkit_builder.js":{"path":"/home/travis/build/npmtest/node-npmtest-node-webkit-builder/lib.npmtest_node_webkit_builder.js","s":{"1":2,"2":2,"3":2,"4":2,"5":2,"6":2,"7":2,"8":1,"9":2,"10":2,"11":2,"12":2,"13":1,"14":1,"15":1,"16":1},"b":{"1":[2,1,1,1],"2":[1,1,1,1],"3":[1,1],"4":[2,2],"5":[1,1]},"f":{"1":2,"2":2,"3":2},"fnMap":{"1":{"name":"(anonymous_1)","line":12,"loc":{"start":{"line":12,"column":1},"end":{"line":12,"column":13}}},"2":{"name":"(anonymous_2)","line":19,"loc":{"start":{"line":19,"column":5},"end":{"line":19,"column":17}}},"3":{"name":"(anonymous_3)","line":23,"loc":{"start":{"line":23,"column":24},"end":{"line":23,"column":36}}}},"statementMap":{"1":{"start":{"line":12,"column":0},"end":{"line":53,"column":5}},"2":{"start":{"line":14,"column":4},"end":{"line":14,"column":14}},"3":{"start":{"line":19,"column":4},"end":{"line":52,"column":9}},"4":{"start":{"line":21,"column":8},"end":{"line":21,"column":19}},"5":{"start":{"line":23,"column":8},"end":{"line":35,"column":13}},"6":{"start":{"line":24,"column":12},"end":{"line":34,"column":13}},"7":{"start":{"line":25,"column":16},"end":{"line":28,"column":30}},"8":{"start":{"line":30,"column":16},"end":{"line":33,"column":27}},"9":{"start":{"line":37,"column":8},"end":{"line":39,"column":21}},"10":{"start":{"line":41,"column":8},"end":{"line":41,"column":54}},"11":{"start":{"line":43,"column":8},"end":{"line":43,"column":64}},"12":{"start":{"line":45,"column":8},"end":{"line":51,"column":9}},"13":{"start":{"line":46,"column":12},"end":{"line":46,"column":70}},"14":{"start":{"line":48,"column":12},"end":{"line":48,"column":35}},"15":{"start":{"line":49,"column":12},"end":{"line":49,"column":49}},"16":{"start":{"line":50,"column":12},"end":{"line":50,"column":43}}},"branchMap":{"1":{"line":25,"type":"binary-expr","locations":[{"start":{"line":25,"column":23},"end":{"line":25,"column":62}},{"start":{"line":26,"column":20},"end":{"line":26,"column":70}},{"start":{"line":27,"column":20},"end":{"line":27,"column":71}},{"start":{"line":28,"column":20},"end":{"line":28,"column":29}}]},"2":{"line":30,"type":"binary-expr","locations":[{"start":{"line":30,"column":23},"end":{"line":30,"column":37}},{"start":{"line":31,"column":20},"end":{"line":31,"column":61}},{"start":{"line":32,"column":20},"end":{"line":32,"column":70}},{"start":{"line":33,"column":20},"end":{"line":33,"column":26}}]},"3":{"line":37,"type":"cond-expr","locations":[{"start":{"line":38,"column":14},"end":{"line":38,"column":20}},{"start":{"line":39,"column":14},"end":{"line":39,"column":20}}]},"4":{"line":41,"type":"binary-expr","locations":[{"start":{"line":41,"column":16},"end":{"line":41,"column":44}},{"start":{"line":41,"column":48},"end":{"line":41,"column":53}}]},"5":{"line":45,"type":"if","locations":[{"start":{"line":45,"column":8},"end":{"line":45,"column":8}},{"start":{"line":45,"column":8},"end":{"line":45,"column":8}}]}},"code":["/* istanbul instrument in package npmtest_node_webkit_builder */","/*jslint","    bitwise: true,","    browser: true,","    maxerr: 8,","    maxlen: 96,","    node: true,","    nomen: true,","    regexp: true,","    stupid: true","*/","(function () {","    'use strict';","    var local;","","","","    // run shared js-env code - init-before","    (function () {","        // init local","        local = {};","        // init modeJs","        local.modeJs = (function () {","            try {","                return typeof navigator.userAgent === 'string' &&","                    typeof document.querySelector('body') === 'object' &&","                    typeof XMLHttpRequest.prototype.open === 'function' &&","                    'browser';","            } catch (errorCaughtBrowser) {","                return module.exports &&","                    typeof process.versions.node === 'string' &&","                    typeof require('http').createServer === 'function' &&","                    'node';","            }","        }());","        // init global","        local.global = local.modeJs === 'browser'","            ? window","            : global;","        // init utility2_rollup","        local = local.global.utility2_rollup || local;","        // init lib","        local.local = local.npmtest_node_webkit_builder = local;","        // init exports","        if (local.modeJs === 'browser') {","            local.global.utility2_npmtest_node_webkit_builder = local;","        } else {","            module.exports = local;","            module.exports.__dirname = __dirname;","            module.exports.module = module;","        }","    }());","}());",""],"l":{"12":2,"14":2,"19":2,"21":2,"23":2,"24":2,"25":2,"30":1,"37":2,"41":2,"43":2,"45":2,"46":1,"48":1,"49":1,"50":1}},"/home/travis/build/npmtest/node-npmtest-node-webkit-builder/example.js":{"path":"/home/travis/build/npmtest/node-npmtest-node-webkit-builder/example.js","s":{"1":2,"2":2,"3":2,"4":2,"5":2,"6":2,"7":2,"8":1,"9":2,"10":2,"11":2,"12":2,"13":1,"14":2,"15":2,"16":2,"17":2,"18":2,"19":0,"20":2,"21":1,"22":1,"23":1,"24":1,"25":1,"26":0,"27":0,"28":1,"29":1,"30":2,"31":0,"32":0,"33":0,"34":1,"35":2,"36":2,"37":3,"38":3,"39":3,"40":3,"41":0,"42":3,"43":3,"44":3,"45":1,"46":3,"47":1,"48":1,"49":1,"50":1,"51":1,"52":1,"53":1,"54":1,"55":1,"56":1,"57":0,"58":1,"59":6,"60":6,"61":1,"62":2,"63":0,"64":2,"65":1,"66":1,"67":0,"68":0,"69":0,"70":0,"71":0,"72":0,"73":0,"74":0,"75":0,"76":0,"77":0,"78":0,"79":0,"80":0,"81":0,"82":0,"83":0},"b":{"1":[2,1,1,1],"2":[1,1,1,1],"3":[1,1],"4":[2,2],"5":[1,1],"6":[1,1],"7":[2,0],"8":[2,1,1,1,1,1],"9":[0,2,0],"10":[1,1],"11":[2,1,1],"12":[1,0],"13":[0,2],"14":[2,0,0,0,0,0,0],"15":[0,3],"16":[3,0],"17":[1,1],"18":[0,1],"19":[1,2,0,2],"20":[1,0],"21":[1,1],"22":[0,0],"23":[0,0],"24":[0,0],"25":[0,0],"26":[0,0],"27":[0,0],"28":[0,0]},"f":{"1":2,"2":2,"3":2,"4":2,"5":2,"6":2,"7":3,"8":3,"9":3,"10":1,"11":6,"12":0},"fnMap":{"1":{"name":"(anonymous_1)","line":26,"loc":{"start":{"line":26,"column":1},"end":{"line":26,"column":13}}},"2":{"name":"(anonymous_2)","line":33,"loc":{"start":{"line":33,"column":5},"end":{"line":33,"column":17}}},"3":{"name":"(anonymous_3)","line":37,"loc":{"start":{"line":37,"column":24},"end":{"line":37,"column":36}}},"4":{"name":"(anonymous_4)","line":69,"loc":{"start":{"line":69,"column":31},"end":{"line":69,"column":48}},"skip":true},"5":{"name":"(anonymous_5)","line":78,"loc":{"start":{"line":78,"column":26},"end":{"line":78,"column":45}},"skip":true},"6":{"name":"(anonymous_6)","line":123,"loc":{"start":{"line":123,"column":33},"end":{"line":123,"column":48}},"skip":true},"7":{"name":"(anonymous_7)","line":125,"loc":{"start":{"line":125,"column":27},"end":{"line":125,"column":39}},"skip":true},"8":{"name":"(anonymous_8)","line":133,"loc":{"start":{"line":133,"column":59},"end":{"line":133,"column":74}},"skip":true},"9":{"name":"(anonymous_9)","line":143,"loc":{"start":{"line":143,"column":45},"end":{"line":143,"column":62}},"skip":true},"10":{"name":"(anonymous_10)","line":144,"loc":{"start":{"line":144,"column":73},"end":{"line":144,"column":92}},"skip":true},"11":{"name":"(anonymous_11)","line":272,"loc":{"start":{"line":272,"column":51},"end":{"line":272,"column":77}},"skip":true},"12":{"name":"(anonymous_12)","line":315,"loc":{"start":{"line":315,"column":32},"end":{"line":315,"column":61}},"skip":true}},"statementMap":{"1":{"start":{"line":26,"column":0},"end":{"line":326,"column":5}},"2":{"start":{"line":28,"column":4},"end":{"line":28,"column":14}},"3":{"start":{"line":33,"column":4},"end":{"line":60,"column":9}},"4":{"start":{"line":35,"column":8},"end":{"line":35,"column":19}},"5":{"start":{"line":37,"column":8},"end":{"line":49,"column":13}},"6":{"start":{"line":38,"column":12},"end":{"line":48,"column":13}},"7":{"start":{"line":39,"column":16},"end":{"line":42,"column":30}},"8":{"start":{"line":44,"column":16},"end":{"line":47,"column":27}},"9":{"start":{"line":51,"column":8},"end":{"line":53,"column":21}},"10":{"start":{"line":55,"column":8},"end":{"line":57,"column":45}},"11":{"start":{"line":59,"column":8},"end":{"line":59,"column":35}},"12":{"start":{"line":61,"column":4},"end":{"line":325,"column":5}},"13":{"start":{"line":69,"column":8},"end":{"line":121,"column":10},"skip":true},"14":{"start":{"line":70,"column":12},"end":{"line":88,"column":13},"skip":true},"15":{"start":{"line":76,"column":16},"end":{"line":87,"column":19},"skip":true},"16":{"start":{"line":79,"column":20},"end":{"line":86,"column":21},"skip":true},"17":{"start":{"line":82,"column":24},"end":{"line":82,"column":43},"skip":true},"18":{"start":{"line":83,"column":24},"end":{"line":83,"column":30},"skip":true},"19":{"start":{"line":85,"column":24},"end":{"line":85,"column":49},"skip":true},"20":{"start":{"line":89,"column":12},"end":{"line":107,"column":13},"skip":true},"21":{"start":{"line":92,"column":16},"end":{"line":102,"column":17},"skip":true},"22":{"start":{"line":93,"column":20},"end":{"line":93,"column":86},"skip":true},"23":{"start":{"line":94,"column":20},"end":{"line":95,"column":45},"skip":true},"24":{"start":{"line":96,"column":20},"end":{"line":96,"column":42},"skip":true},"25":{"start":{"line":97,"column":20},"end":{"line":97,"column":48},"skip":true},"26":{"start":{"line":100,"column":20},"end":{"line":100,"column":85},"skip":true},"27":{"start":{"line":101,"column":20},"end":{"line":101,"column":96},"skip":true},"28":{"start":{"line":103,"column":16},"end":{"line":103,"column":22},"skip":true},"29":{"start":{"line":106,"column":16},"end":{"line":106,"column":22},"skip":true},"30":{"start":{"line":108,"column":12},"end":{"line":120,"column":13},"skip":true},"31":{"start":{"line":114,"column":16},"end":{"line":119,"column":17},"skip":true},"32":{"start":{"line":116,"column":20},"end":{"line":116,"column":78},"skip":true},"33":{"start":{"line":118,"column":20},"end":{"line":118,"column":47},"skip":true},"34":{"start":{"line":123,"column":8},"end":{"line":141,"column":11},"skip":true},"35":{"start":{"line":124,"column":12},"end":{"line":124,"column":54},"skip":true},"36":{"start":{"line":125,"column":12},"end":{"line":140,"column":14},"skip":true},"37":{"start":{"line":126,"column":16},"end":{"line":126,"column":28},"skip":true},"38":{"start":{"line":127,"column":16},"end":{"line":127,"column":69},"skip":true},"39":{"start":{"line":128,"column":16},"end":{"line":128,"column":75},"skip":true},"40":{"start":{"line":129,"column":16},"end":{"line":131,"column":17},"skip":true},"41":{"start":{"line":130,"column":20},"end":{"line":130,"column":27},"skip":true},"42":{"start":{"line":133,"column":16},"end":{"line":137,"column":36},"skip":true},"43":{"start":{"line":134,"column":20},"end":{"line":136,"column":55},"skip":true},"44":{"start":{"line":139,"column":16},"end":{"line":139,"column":57},"skip":true},"45":{"start":{"line":143,"column":8},"end":{"line":147,"column":11},"skip":true},"46":{"start":{"line":144,"column":12},"end":{"line":146,"column":15},"skip":true},"47":{"start":{"line":145,"column":16},"end":{"line":145,"column":70},"skip":true},"48":{"start":{"line":149,"column":8},"end":{"line":149,"column":31},"skip":true},"49":{"start":{"line":150,"column":8},"end":{"line":150,"column":14},"skip":true},"50":{"start":{"line":158,"column":8},"end":{"line":158,"column":31},"skip":true},"51":{"start":{"line":160,"column":8},"end":{"line":160,"column":33},"skip":true},"52":{"start":{"line":161,"column":8},"end":{"line":161,"column":37},"skip":true},"53":{"start":{"line":162,"column":8},"end":{"line":162,"column":35},"skip":true},"54":{"start":{"line":164,"column":8},"end":{"line":164,"column":50},"skip":true},"55":{"start":{"line":166,"column":8},"end":{"line":256,"column":2},"skip":true},"56":{"start":{"line":258,"column":8},"end":{"line":286,"column":9},"skip":true},"57":{"start":{"line":259,"column":12},"end":{"line":269,"column":14},"skip":true},"58":{"start":{"line":271,"column":12},"end":{"line":285,"column":19},"skip":true},"59":{"start":{"line":274,"column":20},"end":{"line":274,"column":35},"skip":true},"60":{"start":{"line":275,"column":20},"end":{"line":284,"column":21},"skip":true},"61":{"start":{"line":277,"column":24},"end":{"line":277,"column":64},"skip":true},"62":{"start":{"line":279,"column":24},"end":{"line":279,"column":40},"skip":true},"63":{"start":{"line":281,"column":24},"end":{"line":281,"column":40},"skip":true},"64":{"start":{"line":283,"column":24},"end":{"line":283,"column":39},"skip":true},"65":{"start":{"line":288,"column":8},"end":{"line":290,"column":9},"skip":true},"66":{"start":{"line":289,"column":12},"end":{"line":289,"column":18},"skip":true},"67":{"start":{"line":291,"column":8},"end":{"line":293,"column":54},"skip":true},"68":{"start":{"line":296,"column":8},"end":{"line":301,"column":37},"skip":true},"69":{"start":{"line":303,"column":8},"end":{"line":303,"column":82},"skip":true},"70":{"start":{"line":306,"column":8},"end":{"line":308,"column":9},"skip":true},"71":{"start":{"line":307,"column":12},"end":{"line":307,"column":82},"skip":true},"72":{"start":{"line":310,"column":8},"end":{"line":312,"column":9},"skip":true},"73":{"start":{"line":311,"column":12},"end":{"line":311,"column":18},"skip":true},"74":{"start":{"line":313,"column":8},"end":{"line":313,"column":54},"skip":true},"75":{"start":{"line":314,"column":8},"end":{"line":314,"column":69},"skip":true},"76":{"start":{"line":315,"column":8},"end":{"line":323,"column":36},"skip":true},"77":{"start":{"line":316,"column":12},"end":{"line":316,"column":61},"skip":true},"78":{"start":{"line":317,"column":12},"end":{"line":320,"column":13},"skip":true},"79":{"start":{"line":318,"column":16},"end":{"line":318,"column":75},"skip":true},"80":{"start":{"line":319,"column":16},"end":{"line":319,"column":23},"skip":true},"81":{"start":{"line":321,"column":12},"end":{"line":321,"column":38},"skip":true},"82":{"start":{"line":322,"column":12},"end":{"line":322,"column":27},"skip":true},"83":{"start":{"line":324,"column":8},"end":{"line":324,"column":14},"skip":true}},"branchMap":{"1":{"line":39,"type":"binary-expr","locations":[{"start":{"line":39,"column":23},"end":{"line":39,"column":62}},{"start":{"line":40,"column":20},"end":{"line":40,"column":70}},{"start":{"line":41,"column":20},"end":{"line":41,"column":71}},{"start":{"line":42,"column":20},"end":{"line":42,"column":29}}]},"2":{"line":44,"type":"binary-expr","locations":[{"start":{"line":44,"column":23},"end":{"line":44,"column":37}},{"start":{"line":45,"column":20},"end":{"line":45,"column":61}},{"start":{"line":46,"column":20},"end":{"line":46,"column":70}},{"start":{"line":47,"column":20},"end":{"line":47,"column":26}}]},"3":{"line":51,"type":"cond-expr","locations":[{"start":{"line":52,"column":14},"end":{"line":52,"column":20}},{"start":{"line":53,"column":14},"end":{"line":53,"column":20}}]},"4":{"line":55,"type":"binary-expr","locations":[{"start":{"line":55,"column":16},"end":{"line":55,"column":44}},{"start":{"line":55,"column":49},"end":{"line":57,"column":43}}]},"5":{"line":55,"type":"cond-expr","locations":[{"start":{"line":56,"column":14},"end":{"line":56,"column":63}},{"start":{"line":57,"column":14},"end":{"line":57,"column":43}}]},"6":{"line":61,"type":"switch","locations":[{"start":{"line":68,"column":4},"end":{"line":150,"column":14},"skip":true},{"start":{"line":156,"column":4},"end":{"line":324,"column":14},"skip":true}]},"7":{"line":70,"type":"if","locations":[{"start":{"line":70,"column":12},"end":{"line":70,"column":12},"skip":true},{"start":{"line":70,"column":12},"end":{"line":70,"column":12},"skip":true}]},"8":{"line":70,"type":"binary-expr","locations":[{"start":{"line":70,"column":16},"end":{"line":70,"column":22},"skip":true},{"start":{"line":70,"column":27},"end":{"line":70,"column":32},"skip":true},{"start":{"line":71,"column":20},"end":{"line":71,"column":39},"skip":true},{"start":{"line":72,"column":20},"end":{"line":72,"column":49},"skip":true},{"start":{"line":73,"column":20},"end":{"line":73,"column":58},"skip":true},{"start":{"line":74,"column":20},"end":{"line":74,"column":69},"skip":true}]},"9":{"line":79,"type":"switch","locations":[{"start":{"line":80,"column":20},"end":{"line":80,"column":33},"skip":true},{"start":{"line":81,"column":20},"end":{"line":83,"column":30},"skip":true},{"start":{"line":84,"column":20},"end":{"line":85,"column":49},"skip":true}]},"10":{"line":89,"type":"switch","locations":[{"start":{"line":90,"column":12},"end":{"line":103,"column":22},"skip":true},{"start":{"line":105,"column":12},"end":{"line":106,"column":22},"skip":true}]},"11":{"line":89,"type":"binary-expr","locations":[{"start":{"line":89,"column":20},"end":{"line":89,"column":25},"skip":true},{"start":{"line":89,"column":29},"end":{"line":89,"column":48},"skip":true},{"start":{"line":89,"column":52},"end":{"line":89,"column":74},"skip":true}]},"12":{"line":92,"type":"if","locations":[{"start":{"line":92,"column":16},"end":{"line":92,"column":16},"skip":true},{"start":{"line":92,"column":16},"end":{"line":92,"column":16},"skip":true}]},"13":{"line":108,"type":"if","locations":[{"start":{"line":108,"column":12},"end":{"line":108,"column":12},"skip":true},{"start":{"line":108,"column":12},"end":{"line":108,"column":12},"skip":true}]},"14":{"line":108,"type":"binary-expr","locations":[{"start":{"line":108,"column":16},"end":{"line":108,"column":61},"skip":true},{"start":{"line":108,"column":66},"end":{"line":108,"column":72},"skip":true},{"start":{"line":108,"column":77},"end":{"line":108,"column":82},"skip":true},{"start":{"line":109,"column":20},"end":{"line":109,"column":39},"skip":true},{"start":{"line":110,"column":20},"end":{"line":110,"column":49},"skip":true},{"start":{"line":111,"column":20},"end":{"line":111,"column":58},"skip":true},{"start":{"line":112,"column":20},"end":{"line":112,"column":68},"skip":true}]},"15":{"line":129,"type":"if","locations":[{"start":{"line":129,"column":16},"end":{"line":129,"column":16},"skip":true},{"start":{"line":129,"column":16},"end":{"line":129,"column":16},"skip":true}]},"16":{"line":134,"type":"cond-expr","locations":[{"start":{"line":135,"column":26},"end":{"line":135,"column":29},"skip":true},{"start":{"line":136,"column":26},"end":{"line":136,"column":54},"skip":true}]},"17":{"line":164,"type":"binary-expr","locations":[{"start":{"line":164,"column":27},"end":{"line":164,"column":43},"skip":true},{"start":{"line":164,"column":47},"end":{"line":164,"column":49},"skip":true}]},"18":{"line":258,"type":"if","locations":[{"start":{"line":258,"column":8},"end":{"line":258,"column":8},"skip":true},{"start":{"line":258,"column":8},"end":{"line":258,"column":8},"skip":true}]},"19":{"line":275,"type":"switch","locations":[{"start":{"line":276,"column":20},"end":{"line":277,"column":64},"skip":true},{"start":{"line":278,"column":20},"end":{"line":279,"column":40},"skip":true},{"start":{"line":280,"column":20},"end":{"line":281,"column":40},"skip":true},{"start":{"line":282,"column":20},"end":{"line":283,"column":39},"skip":true}]},"20":{"line":288,"type":"if","locations":[{"start":{"line":288,"column":8},"end":{"line":288,"column":8},"skip":true},{"start":{"line":288,"column":8},"end":{"line":288,"column":8},"skip":true}]},"21":{"line":288,"type":"binary-expr","locations":[{"start":{"line":288,"column":12},"end":{"line":288,"column":40},"skip":true},{"start":{"line":288,"column":44},"end":{"line":288,"column":67},"skip":true}]},"22":{"line":292,"type":"binary-expr","locations":[{"start":{"line":292,"column":12},"end":{"line":292,"column":50},"skip":true},{"start":{"line":293,"column":12},"end":{"line":293,"column":53},"skip":true}]},"23":{"line":297,"type":"binary-expr","locations":[{"start":{"line":297,"column":12},"end":{"line":297,"column":77},"skip":true},{"start":{"line":298,"column":12},"end":{"line":301,"column":36},"skip":true}]},"24":{"line":303,"type":"binary-expr","locations":[{"start":{"line":303,"column":43},"end":{"line":303,"column":75},"skip":true},{"start":{"line":303,"column":79},"end":{"line":303,"column":81},"skip":true}]},"25":{"line":306,"type":"if","locations":[{"start":{"line":306,"column":8},"end":{"line":306,"column":8},"skip":true},{"start":{"line":306,"column":8},"end":{"line":306,"column":8},"skip":true}]},"26":{"line":310,"type":"if","locations":[{"start":{"line":310,"column":8},"end":{"line":310,"column":8},"skip":true},{"start":{"line":310,"column":8},"end":{"line":310,"column":8},"skip":true}]},"27":{"line":313,"type":"binary-expr","locations":[{"start":{"line":313,"column":27},"end":{"line":313,"column":43},"skip":true},{"start":{"line":313,"column":47},"end":{"line":313,"column":53},"skip":true}]},"28":{"line":317,"type":"if","locations":[{"start":{"line":317,"column":12},"end":{"line":317,"column":12},"skip":true},{"start":{"line":317,"column":12},"end":{"line":317,"column":12},"skip":true}]}},"code":["/*","example.js","","quickstart example","","instruction","    1. save this script as example.js","    2. run the shell command:","        $ npm install npmtest-node-webkit-builder && PORT=8081 node example.js","    3. play with the browser-demo on http://127.0.0.1:8081","*/","","","","/* istanbul instrument in package npmtest_node_webkit_builder */","/*jslint","    bitwise: true,","    browser: true,","    maxerr: 8,","    maxlen: 96,","    node: true,","    nomen: true,","    regexp: true,","    stupid: true","*/","(function () {","    'use strict';","    var local;","","","","    // run shared js-env code - init-before","    (function () {","        // init local","        local = {};","        // init modeJs","        local.modeJs = (function () {","            try {","                return typeof navigator.userAgent === 'string' &&","                    typeof document.querySelector('body') === 'object' &&","                    typeof XMLHttpRequest.prototype.open === 'function' &&","                    'browser';","            } catch (errorCaughtBrowser) {","                return module.exports &&","                    typeof process.versions.node === 'string' &&","                    typeof require('http').createServer === 'function' &&","                    'node';","            }","        }());","        // init global","        local.global = local.modeJs === 'browser'","            ? window","            : global;","        // init utility2_rollup","        local = local.global.utility2_rollup || (local.modeJs === 'browser'","            ? local.global.utility2_npmtest_node_webkit_builder","            : global.utility2_moduleExports);","        // export local","        local.global.local = local;","    }());","    switch (local.modeJs) {","","","","    // init-after","    // run browser js-env code - init-after","    /* istanbul ignore next */","    case 'browser':","        local.testRunBrowser = function (event) {","            if (!event || (event &&","                    event.currentTarget &&","                    event.currentTarget.className &&","                    event.currentTarget.className.includes &&","                    event.currentTarget.className.includes('onreset'))) {","                // reset output","                Array.from(","                    document.querySelectorAll('body > .resettable')","                ).forEach(function (element) {","                    switch (element.tagName) {","                    case 'INPUT':","                    case 'TEXTAREA':","                        element.value = '';","                        break;","                    default:","                        element.textContent = '';","                    }","                });","            }","            switch (event && event.currentTarget && event.currentTarget.id) {","            case 'testRunButton1':","                // show tests","                if (document.querySelector('#testReportDiv1').style.display === 'none') {","                    document.querySelector('#testReportDiv1').style.display = 'block';","                    document.querySelector('#testRunButton1').textContent =","                        'hide internal test';","                    local.modeTest = true;","                    local.testRunDefault(local);","                // hide tests","                } else {","                    document.querySelector('#testReportDiv1').style.display = 'none';","                    document.querySelector('#testRunButton1').textContent = 'run internal test';","                }","                break;","            // custom-case","            default:","                break;","            }","            if (document.querySelector('#inputTextareaEval1') && (!event || (event &&","                    event.currentTarget &&","                    event.currentTarget.className &&","                    event.currentTarget.className.includes &&","                    event.currentTarget.className.includes('oneval')))) {","                // try to eval input-code","                try {","                    /*jslint evil: true*/","                    eval(document.querySelector('#inputTextareaEval1').value);","                } catch (errorCaught) {","                    console.error(errorCaught);","                }","            }","        };","        // log stderr and stdout to #outputTextareaStdout1","        ['error', 'log'].forEach(function (key) {","            console[key + '_original'] = console[key];","            console[key] = function () {","                var element;","                console[key + '_original'].apply(console, arguments);","                element = document.querySelector('#outputTextareaStdout1');","                if (!element) {","                    return;","                }","                // append text to #outputTextareaStdout1","                element.value += Array.from(arguments).map(function (arg) {","                    return typeof arg === 'string'","                        ? arg","                        : JSON.stringify(arg, null, 4);","                }).join(' ') + '\\n';","                // scroll textarea to bottom","                element.scrollTop = element.scrollHeight;","            };","        });","        // init event-handling","        ['change', 'click', 'keyup'].forEach(function (event) {","            Array.from(document.querySelectorAll('.on' + event)).forEach(function (element) {","                element.addEventListener(event, local.testRunBrowser);","            });","        });","        // run tests","        local.testRunBrowser();","        break;","","","","    // run node js-env code - init-after","    /* istanbul ignore next */","    case 'node':","        // export local","        module.exports = local;","        // require modules","        local.fs = require('fs');","        local.http = require('http');","        local.url = require('url');","        // init assets","        local.assetsDict = local.assetsDict || {};","        /* jslint-ignore-begin */","        local.assetsDict['/assets.index.template.html'] = '\\","<!doctype html>\\n\\","<html lang=\"en\">\\n\\","<head>\\n\\","<meta charset=\"UTF-8\">\\n\\","<meta name=\"viewport\" content=\"width=device-width, initial-scale=1\">\\n\\","<title>{{env.npm_package_name}} (v{{env.npm_package_version}})</title>\\n\\","<style>\\n\\","/*csslint\\n\\","    box-sizing: false,\\n\\","    universal-selector: false\\n\\","*/\\n\\","* {\\n\\","    box-sizing: border-box;\\n\\","}\\n\\","body {\\n\\","    background: #dde;\\n\\","    font-family: Arial, Helvetica, sans-serif;\\n\\","    margin: 2rem;\\n\\","}\\n\\","body > * {\\n\\","    margin-bottom: 1rem;\\n\\","}\\n\\",".utility2FooterDiv {\\n\\","    margin-top: 20px;\\n\\","    text-align: center;\\n\\","}\\n\\","</style>\\n\\","<style>\\n\\","/*csslint\\n\\","*/\\n\\","textarea {\\n\\","    font-family: monospace;\\n\\","    height: 10rem;\\n\\","    width: 100%;\\n\\","}\\n\\","textarea[readonly] {\\n\\","    background: #ddd;\\n\\","}\\n\\","</style>\\n\\","</head>\\n\\","<body>\\n\\","<!-- utility2-comment\\n\\","<div id=\"ajaxProgressDiv1\" style=\"background: #d00; height: 2px; left: 0; margin: 0; padding: 0; position: fixed; top: 0; transition: background 0.5s, width 1.5s; width: 25%;\"></div>\\n\\","utility2-comment -->\\n\\","<h1>\\n\\","<!-- utility2-comment\\n\\","    <a\\n\\","        {{#if env.npm_package_homepage}}\\n\\","        href=\"{{env.npm_package_homepage}}\"\\n\\","        {{/if env.npm_package_homepage}}\\n\\","        target=\"_blank\"\\n\\","    >\\n\\","utility2-comment -->\\n\\","        {{env.npm_package_name}} (v{{env.npm_package_version}})\\n\\","<!-- utility2-comment\\n\\","    </a>\\n\\","utility2-comment -->\\n\\","</h1>\\n\\","<h3>{{env.npm_package_description}}</h3>\\n\\","<!-- utility2-comment\\n\\","<h4><a download href=\"assets.app.js\">download standalone app</a></h4>\\n\\","<button class=\"onclick onreset\" id=\"testRunButton1\">run internal test</button><br>\\n\\","<div id=\"testReportDiv1\" style=\"display: none;\"></div>\\n\\","utility2-comment -->\\n\\","\\n\\","\\n\\","\\n\\","<label>stderr and stdout</label>\\n\\","<textarea class=\"resettable\" id=\"outputTextareaStdout1\" readonly></textarea>\\n\\","<!-- utility2-comment\\n\\","{{#if isRollup}}\\n\\","<script src=\"assets.app.js\"></script>\\n\\","{{#unless isRollup}}\\n\\","utility2-comment -->\\n\\","<script src=\"assets.utility2.rollup.js\"></script>\\n\\","<script src=\"jsonp.utility2._stateInit?callback=window.utility2._stateInit\"></script>\\n\\","<script src=\"assets.npmtest_node_webkit_builder.rollup.js\"></script>\\n\\","<script src=\"assets.example.js\"></script>\\n\\","<script src=\"assets.test.js\"></script>\\n\\","<!-- utility2-comment\\n\\","{{/if isRollup}}\\n\\","utility2-comment -->\\n\\","<div class=\"utility2FooterDiv\">\\n\\","    [ this app was created with\\n\\","    <a href=\"https://github.com/kaizhu256/node-utility2\" target=\"_blank\">utility2</a>\\n\\","    ]\\n\\","</div>\\n\\","</body>\\n\\","</html>\\n\\","';","        /* jslint-ignore-end */","        if (local.templateRender) {","            local.assetsDict['/'] = local.templateRender(","                local.assetsDict['/assets.index.template.html'],","                {","                    env: local.objectSetDefault(local.env, {","                        npm_package_description: 'the greatest app in the world!',","                        npm_package_name: 'my-app',","                        npm_package_nameAlias: 'my_app',","                        npm_package_version: '0.0.1'","                    })","                }","            );","        } else {","            local.assetsDict['/'] = local.assetsDict['/assets.index.template.html']","                .replace((/\\{\\{env\\.(\\w+?)\\}\\}/g), function (match0, match1) {","                    // jslint-hack","                    String(match0);","                    switch (match1) {","                    case 'npm_package_description':","                        return 'the greatest app in the world!';","                    case 'npm_package_name':","                        return 'my-app';","                    case 'npm_package_nameAlias':","                        return 'my_app';","                    case 'npm_package_version':","                        return '0.0.1';","                    }","                });","        }","        // run the cli","        if (local.global.utility2_rollup || module !== require.main) {","            break;","        }","        local.assetsDict['/assets.example.js'] =","            local.assetsDict['/assets.example.js'] ||","            local.fs.readFileSync(__filename, 'utf8');","        // bug-workaround - long $npm_package_buildCustomOrg","        /* jslint-ignore-begin */","        local.assetsDict['/assets.npmtest_node_webkit_builder.rollup.js'] =","            local.assetsDict['/assets.npmtest_node_webkit_builder.rollup.js'] ||","            local.fs.readFileSync(","                local.npmtest_node_webkit_builder.__dirname + '/lib.npmtest_node_webkit_builder.js',","                'utf8'","            ).replace((/^#!/), '//');","        /* jslint-ignore-end */","        local.assetsDict['/favicon.ico'] = local.assetsDict['/favicon.ico'] || '';","        // if $npm_config_timeout_exit exists,","        // then exit this process after $npm_config_timeout_exit ms","        if (Number(process.env.npm_config_timeout_exit)) {","            setTimeout(process.exit, Number(process.env.npm_config_timeout_exit));","        }","        // start server","        if (local.global.utility2_serverHttp1) {","            break;","        }","        process.env.PORT = process.env.PORT || '8081';","        console.error('server starting on port ' + process.env.PORT);","        local.http.createServer(function (request, response) {","            request.urlParsed = local.url.parse(request.url);","            if (local.assetsDict[request.urlParsed.pathname] !== undefined) {","                response.end(local.assetsDict[request.urlParsed.pathname]);","                return;","            }","            response.statusCode = 404;","            response.end();","        }).listen(process.env.PORT);","        break;","    }","}());",""],"l":{"26":2,"28":2,"33":2,"35":2,"37":2,"38":2,"39":2,"44":1,"51":2,"55":2,"59":2,"61":2,"69":1,"70":2,"76":2,"79":2,"82":2,"83":2,"85":1,"89":2,"92":1,"93":1,"94":1,"96":1,"97":1,"100":1,"101":1,"103":1,"106":1,"108":2,"114":1,"116":1,"118":1,"123":1,"124":2,"125":2,"126":3,"127":3,"128":3,"129":3,"130":1,"133":3,"134":3,"139":3,"143":1,"144":3,"145":1,"149":1,"150":1,"158":1,"160":1,"161":1,"162":1,"164":1,"166":1,"258":1,"259":1,"271":1,"274":6,"275":6,"277":1,"279":2,"281":1,"283":2,"288":1,"289":1,"291":1,"296":1,"303":1,"306":1,"307":1,"310":1,"311":1,"313":1,"314":1,"315":1,"316":1,"317":1,"318":1,"319":1,"321":1,"322":1,"324":1}},"/home/travis/build/npmtest/node-npmtest-node-webkit-builder/node_modules/node-webkit-builder/index.js":{"path":"/home/travis/build/npmtest/node-npmtest-node-webkit-builder/node_modules/node-webkit-builder/index.js","s":{"1":1},"b":{},"f":{},"fnMap":{},"statementMap":{"1":{"start":{"line":1,"column":0},"end":{"line":1,"column":34}}},"branchMap":{},"code":["module.exports = require('./lib');"],"l":{"1":1}},"/home/travis/build/npmtest/node-npmtest-node-webkit-builder/node_modules/node-webkit-builder/lib/index.js":{"path":"/home/travis/build/npmtest/node-npmtest-node-webkit-builder/node_modules/node-webkit-builder/lib/index.js","s":{"1":1,"2":1,"3":1,"4":1,"5":1,"6":1,"7":1,"8":1,"9":1,"10":1,"11":1,"12":1,"13":1,"14":1,"15":1,"16":1,"17":1,"18":1,"19":1,"20":0,"21":0,"22":0,"23":0,"24":0,"25":0,"26":0,"27":0,"28":0,"29":0,"30":0,"31":0,"32":0,"33":0,"34":0,"35":0,"36":0,"37":0,"38":0,"39":0,"40":0,"41":0,"42":1,"43":0,"44":0,"45":0,"46":0,"47":0,"48":0,"49":0,"50":0,"51":0,"52":1,"53":0,"54":0,"55":0,"56":0,"57":0,"58":0,"59":0,"60":0,"61":0,"62":1,"63":0,"64":0,"65":0,"66":0,"67":0,"68":0,"69":0,"70":0,"71":0,"72":1,"73":0,"74":0,"75":0,"76":0,"77":0,"78":0,"79":1,"80":0,"81":0,"82":0,"83":0,"84":0,"85":0,"86":1,"87":0,"88":0,"89":0,"90":0,"91":0,"92":0,"93":0,"94":0,"95":0,"96":0,"97":0,"98":0,"99":1,"100":0,"101":0,"102":0,"103":0,"104":0,"105":0,"106":0,"107":0,"108":0,"109":0,"110":0,"111":0,"112":0,"113":0,"114":0,"115":0,"116":0,"117":0,"118":0,"119":1,"120":1,"121":0,"122":0,"123":0,"124":0,"125":0,"126":0,"127":0,"128":0,"129":0,"130":0,"131":1,"132":0,"133":0,"134":0,"135":0,"136":0,"137":0,"138":0,"139":0,"140":0,"141":0,"142":0,"143":0,"144":0,"145":0,"146":0,"147":0,"148":0,"149":0,"150":0,"151":0,"152":0,"153":1,"154":0,"155":0,"156":0,"157":0,"158":0,"159":0,"160":0,"161":0,"162":0,"163":1,"164":0,"165":0,"166":0,"167":0,"168":0,"169":0,"170":0,"171":0,"172":0,"173":0,"174":0,"175":0,"176":0,"177":0,"178":0,"179":0,"180":0,"181":0,"182":0,"183":0,"184":0,"185":0,"186":0,"187":0,"188":0,"189":0,"190":0,"191":1,"192":0,"193":0,"194":0,"195":0,"196":0,"197":0,"198":0,"199":0,"200":0,"201":0,"202":0,"203":0,"204":1,"205":0,"206":1,"207":0,"208":0,"209":0,"210":0,"211":0,"212":0,"213":0,"214":0,"215":1,"216":0,"217":0,"218":0,"219":0,"220":0,"221":0,"222":0,"223":0,"224":0,"225":0,"226":0,"227":0,"228":0,"229":0,"230":1,"231":0,"232":0,"233":0,"234":0,"235":0,"236":0,"237":0,"238":0,"239":0,"240":0,"241":0,"242":1,"243":0,"244":0,"245":0,"246":0,"247":0,"248":0,"249":0,"250":0,"251":0,"252":0,"253":0,"254":0,"255":0,"256":0,"257":0,"258":0,"259":0,"260":0,"261":0,"262":1,"263":0,"264":1,"265":0,"266":1,"267":0,"268":0,"269":1,"270":0},"b":{"1":[0,0],"2":[0,0],"3":[0,0],"4":[0,0],"5":[0,0],"6":[0,0],"7":[0,0],"8":[0,0],"9":[0,0],"10":[0,0],"11":[0,0],"12":[0,0],"13":[0,0],"14":[0,0],"15":[0,0],"16":[0,0],"17":[0,0],"18":[0,0],"19":[0,0],"20":[0,0],"21":[0,0],"22":[0,0],"23":[0,0],"24":[0,0],"25":[0,0],"26":[0,0],"27":[0,0],"28":[0,0],"29":[0,0],"30":[0,0],"31":[0,0],"32":[0,0],"33":[0,0,0],"34":[0,0],"35":[0,0],"36":[0,0],"37":[0,0],"38":[0,0,0,0],"39":[0,0],"40":[0,0],"41":[0,0],"42":[0,0],"43":[0,0],"44":[0,0],"45":[0,0],"46":[0,0],"47":[0,0],"48":[0,0,0],"49":[0,0],"50":[0,0],"51":[0,0],"52":[0,0],"53":[0,0],"54":[0,0],"55":[0,0],"56":[0,0],"57":[0,0],"58":[0,0]},"f":{"1":0,"2":0,"3":0,"4":0,"5":0,"6":0,"7":0,"8":0,"9":0,"10":0,"11":0,"12":0,"13":0,"14":0,"15":0,"16":0,"17":0,"18":0,"19":0,"20":0,"21":0,"22":0,"23":0,"24":0,"25":0,"26":0,"27":0,"28":0,"29":0,"30":0,"31":0,"32":0,"33":0,"34":0,"35":0,"36":0,"37":0,"38":0,"39":0,"40":0,"41":0,"42":0,"43":0,"44":0,"45":0,"46":0,"47":0,"48":0,"49":0,"50":0,"51":0,"52":0,"53":0,"54":0,"55":0,"56":0,"57":0,"58":0,"59":0,"60":0,"61":0,"62":0,"63":0,"64":0,"65":0},"fnMap":{"1":{"name":"NwBuilder","line":22,"loc":{"start":{"line":22,"column":0},"end":{"line":22,"column":28}}},"2":{"name":"(anonymous_2)","line":70,"loc":{"start":{"line":70,"column":35},"end":{"line":70,"column":54}}},"3":{"name":"(anonymous_3)","line":84,"loc":{"start":{"line":84,"column":28},"end":{"line":84,"column":48}}},"4":{"name":"(anonymous_4)","line":101,"loc":{"start":{"line":101,"column":14},"end":{"line":101,"column":30}}},"5":{"name":"(anonymous_5)","line":108,"loc":{"start":{"line":108,"column":15},"end":{"line":108,"column":32}}},"6":{"name":"(anonymous_6)","line":119,"loc":{"start":{"line":119,"column":26},"end":{"line":119,"column":46}}},"7":{"name":"(anonymous_7)","line":130,"loc":{"start":{"line":130,"column":14},"end":{"line":130,"column":30}}},"8":{"name":"(anonymous_8)","line":137,"loc":{"start":{"line":137,"column":15},"end":{"line":137,"column":32}}},"9":{"name":"(anonymous_9)","line":149,"loc":{"start":{"line":149,"column":33},"end":{"line":149,"column":45}}},"10":{"name":"(anonymous_10)","line":152,"loc":{"start":{"line":152,"column":54},"end":{"line":152,"column":70}}},"11":{"name":"(anonymous_11)","line":157,"loc":{"start":{"line":157,"column":55},"end":{"line":157,"column":73}}},"12":{"name":"(anonymous_12)","line":169,"loc":{"start":{"line":169,"column":43},"end":{"line":169,"column":55}}},"13":{"name":"(anonymous_13)","line":174,"loc":{"start":{"line":174,"column":70},"end":{"line":174,"column":93}}},"14":{"name":"(anonymous_14)","line":180,"loc":{"start":{"line":180,"column":35},"end":{"line":180,"column":47}}},"15":{"name":"(anonymous_15)","line":193,"loc":{"start":{"line":193,"column":46},"end":{"line":193,"column":58}}},"16":{"name":"(anonymous_16)","line":196,"loc":{"start":{"line":196,"column":26},"end":{"line":196,"column":52}}},"17":{"name":"(anonymous_17)","line":198,"loc":{"start":{"line":198,"column":59},"end":{"line":198,"column":75}}},"18":{"name":"(anonymous_18)","line":217,"loc":{"start":{"line":217,"column":41},"end":{"line":217,"column":53}}},"19":{"name":"(anonymous_19)","line":221,"loc":{"start":{"line":221,"column":26},"end":{"line":221,"column":52}}},"20":{"name":"(anonymous_20)","line":236,"loc":{"start":{"line":236,"column":27},"end":{"line":236,"column":40}}},"21":{"name":"(anonymous_21)","line":253,"loc":{"start":{"line":253,"column":14},"end":{"line":253,"column":29}}},"22":{"name":"(anonymous_22)","line":259,"loc":{"start":{"line":259,"column":38},"end":{"line":259,"column":50}}},"23":{"name":"(anonymous_23)","line":268,"loc":{"start":{"line":268,"column":55},"end":{"line":268,"column":65}}},"24":{"name":"(anonymous_24)","line":276,"loc":{"start":{"line":276,"column":26},"end":{"line":276,"column":52}}},"25":{"name":"(anonymous_25)","line":284,"loc":{"start":{"line":284,"column":15},"end":{"line":284,"column":36}}},"26":{"name":"(anonymous_26)","line":293,"loc":{"start":{"line":293,"column":42},"end":{"line":293,"column":54}}},"27":{"name":"(anonymous_27)","line":316,"loc":{"start":{"line":316,"column":26},"end":{"line":316,"column":52}}},"28":{"name":"(anonymous_28)","line":317,"loc":{"start":{"line":317,"column":51},"end":{"line":317,"column":76}}},"29":{"name":"(anonymous_29)","line":321,"loc":{"start":{"line":321,"column":44},"end":{"line":321,"column":57}}},"30":{"name":"(anonymous_30)","line":324,"loc":{"start":{"line":324,"column":48},"end":{"line":324,"column":61}}},"31":{"name":"(anonymous_31)","line":338,"loc":{"start":{"line":338,"column":37},"end":{"line":338,"column":49}}},"32":{"name":"(anonymous_32)","line":342,"loc":{"start":{"line":342,"column":26},"end":{"line":342,"column":52}}},"33":{"name":"(anonymous_33)","line":343,"loc":{"start":{"line":343,"column":31},"end":{"line":343,"column":50}}},"34":{"name":"(anonymous_34)","line":358,"loc":{"start":{"line":358,"column":34},"end":{"line":358,"column":46}}},"35":{"name":"(anonymous_35)","line":367,"loc":{"start":{"line":367,"column":26},"end":{"line":367,"column":51}}},"36":{"name":"(anonymous_36)","line":380,"loc":{"start":{"line":380,"column":23},"end":{"line":380,"column":49}}},"37":{"name":"(anonymous_37)","line":389,"loc":{"start":{"line":389,"column":20},"end":{"line":389,"column":46}}},"38":{"name":"(anonymous_38)","line":391,"loc":{"start":{"line":391,"column":62},"end":{"line":391,"column":77}}},"39":{"name":"(anonymous_39)","line":399,"loc":{"start":{"line":399,"column":18},"end":{"line":399,"column":47}}},"40":{"name":"(anonymous_40)","line":402,"loc":{"start":{"line":402,"column":38},"end":{"line":402,"column":65}}},"41":{"name":"(anonymous_41)","line":413,"loc":{"start":{"line":413,"column":27},"end":{"line":413,"column":41}}},"42":{"name":"(anonymous_42)","line":423,"loc":{"start":{"line":423,"column":36},"end":{"line":423,"column":48}}},"43":{"name":"(anonymous_43)","line":427,"loc":{"start":{"line":427,"column":26},"end":{"line":427,"column":52}}},"44":{"name":"(anonymous_44)","line":433,"loc":{"start":{"line":433,"column":36},"end":{"line":433,"column":52}}},"45":{"name":"(anonymous_45)","line":464,"loc":{"start":{"line":464,"column":33},"end":{"line":464,"column":55}}},"46":{"name":"(anonymous_46)","line":468,"loc":{"start":{"line":468,"column":52},"end":{"line":468,"column":76}}},"47":{"name":"(anonymous_47)","line":469,"loc":{"start":{"line":469,"column":23},"end":{"line":469,"column":48}}},"48":{"name":"(anonymous_48)","line":473,"loc":{"start":{"line":473,"column":78},"end":{"line":473,"column":91}}},"49":{"name":"(anonymous_49)","line":480,"loc":{"start":{"line":480,"column":35},"end":{"line":480,"column":47}}},"50":{"name":"(anonymous_50)","line":484,"loc":{"start":{"line":484,"column":26},"end":{"line":484,"column":52}}},"51":{"name":"(anonymous_51)","line":521,"loc":{"start":{"line":521,"column":35},"end":{"line":521,"column":47}}},"52":{"name":"(anonymous_52)","line":525,"loc":{"start":{"line":525,"column":26},"end":{"line":525,"column":52}}},"53":{"name":"(anonymous_53)","line":529,"loc":{"start":{"line":529,"column":33},"end":{"line":529,"column":59}}},"54":{"name":"(anonymous_54)","line":539,"loc":{"start":{"line":539,"column":15},"end":{"line":539,"column":29}}},"55":{"name":"(anonymous_55)","line":556,"loc":{"start":{"line":556,"column":29},"end":{"line":556,"column":41}}},"56":{"name":"(anonymous_56)","line":563,"loc":{"start":{"line":563,"column":23},"end":{"line":563,"column":49}}},"57":{"name":"(anonymous_57)","line":568,"loc":{"start":{"line":568,"column":36},"end":{"line":568,"column":51}}},"58":{"name":"(anonymous_58)","line":572,"loc":{"start":{"line":572,"column":36},"end":{"line":572,"column":51}}},"59":{"name":"(anonymous_59)","line":576,"loc":{"start":{"line":576,"column":30},"end":{"line":576,"column":44}}},"60":{"name":"(anonymous_60)","line":581,"loc":{"start":{"line":581,"column":30},"end":{"line":581,"column":45}}},"61":{"name":"(anonymous_61)","line":589,"loc":{"start":{"line":589,"column":35},"end":{"line":589,"column":47}}},"62":{"name":"(anonymous_62)","line":593,"loc":{"start":{"line":593,"column":36},"end":{"line":593,"column":48}}},"63":{"name":"(anonymous_63)","line":597,"loc":{"start":{"line":597,"column":39},"end":{"line":597,"column":53}}},"64":{"name":"(anonymous_64)","line":598,"loc":{"start":{"line":598,"column":31},"end":{"line":598,"column":56}}},"65":{"name":"(anonymous_65)","line":604,"loc":{"start":{"line":604,"column":48},"end":{"line":604,"column":68}}}},"statementMap":{"1":{"start":{"line":1,"column":0},"end":{"line":1,"column":34}},"2":{"start":{"line":2,"column":0},"end":{"line":2,"column":26}},"3":{"start":{"line":3,"column":0},"end":{"line":3,"column":35}},"4":{"start":{"line":4,"column":0},"end":{"line":4,"column":50}},"5":{"start":{"line":5,"column":0},"end":{"line":5,"column":38}},"6":{"start":{"line":6,"column":0},"end":{"line":6,"column":27}},"7":{"start":{"line":7,"column":0},"end":{"line":7,"column":25}},"8":{"start":{"line":8,"column":0},"end":{"line":8,"column":62}},"9":{"start":{"line":9,"column":0},"end":{"line":9,"column":43}},"10":{"start":{"line":10,"column":0},"end":{"line":10,"column":31}},"11":{"start":{"line":11,"column":0},"end":{"line":11,"column":54}},"12":{"start":{"line":12,"column":0},"end":{"line":12,"column":65}},"13":{"start":{"line":14,"column":0},"end":{"line":14,"column":39}},"14":{"start":{"line":15,"column":0},"end":{"line":15,"column":31}},"15":{"start":{"line":16,"column":0},"end":{"line":16,"column":41}},"16":{"start":{"line":17,"column":0},"end":{"line":17,"column":39}},"17":{"start":{"line":20,"column":0},"end":{"line":20,"column":34}},"18":{"start":{"line":21,"column":0},"end":{"line":21,"column":27}},"19":{"start":{"line":22,"column":0},"end":{"line":82,"column":1}},"20":{"start":{"line":23,"column":4},"end":{"line":23,"column":20}},"21":{"start":{"line":24,"column":4},"end":{"line":42,"column":6}},"22":{"start":{"line":45,"column":4},"end":{"line":55,"column":5}},"23":{"start":{"line":46,"column":8},"end":{"line":48,"column":9}},"24":{"start":{"line":47,"column":12},"end":{"line":47,"column":92}},"25":{"start":{"line":49,"column":8},"end":{"line":51,"column":9}},"26":{"start":{"line":50,"column":12},"end":{"line":50,"column":92}},"27":{"start":{"line":52,"column":8},"end":{"line":54,"column":9}},"28":{"start":{"line":53,"column":12},"end":{"line":53,"column":98}},"29":{"start":{"line":57,"column":4},"end":{"line":57,"column":49}},"30":{"start":{"line":58,"column":4},"end":{"line":58,"column":32}},"31":{"start":{"line":61,"column":4},"end":{"line":63,"column":5}},"32":{"start":{"line":62,"column":8},"end":{"line":62,"column":53}},"33":{"start":{"line":65,"column":4},"end":{"line":66,"column":49}},"34":{"start":{"line":66,"column":8},"end":{"line":66,"column":49}},"35":{"start":{"line":70,"column":4},"end":{"line":73,"column":6}},"36":{"start":{"line":71,"column":8},"end":{"line":72,"column":59}},"37":{"start":{"line":72,"column":12},"end":{"line":72,"column":59}},"38":{"start":{"line":75,"column":4},"end":{"line":75,"column":44}},"39":{"start":{"line":78,"column":4},"end":{"line":81,"column":5}},"40":{"start":{"line":79,"column":8},"end":{"line":80,"column":40}},"41":{"start":{"line":80,"column":12},"end":{"line":80,"column":40}},"42":{"start":{"line":84,"column":0},"end":{"line":117,"column":2}},"43":{"start":{"line":85,"column":4},"end":{"line":86,"column":31}},"44":{"start":{"line":89,"column":4},"end":{"line":114,"column":11}},"45":{"start":{"line":102,"column":12},"end":{"line":106,"column":13}},"46":{"start":{"line":103,"column":16},"end":{"line":103,"column":38}},"47":{"start":{"line":105,"column":16},"end":{"line":105,"column":35}},"48":{"start":{"line":109,"column":12},"end":{"line":113,"column":13}},"49":{"start":{"line":110,"column":16},"end":{"line":110,"column":32}},"50":{"start":{"line":112,"column":16},"end":{"line":112,"column":35}},"51":{"start":{"line":116,"column":4},"end":{"line":116,"column":45}},"52":{"start":{"line":119,"column":0},"end":{"line":146,"column":2}},"53":{"start":{"line":120,"column":4},"end":{"line":121,"column":31}},"54":{"start":{"line":124,"column":4},"end":{"line":143,"column":11}},"55":{"start":{"line":131,"column":12},"end":{"line":135,"column":13}},"56":{"start":{"line":132,"column":16},"end":{"line":132,"column":38}},"57":{"start":{"line":134,"column":16},"end":{"line":134,"column":35}},"58":{"start":{"line":138,"column":12},"end":{"line":142,"column":13}},"59":{"start":{"line":139,"column":16},"end":{"line":139,"column":38}},"60":{"start":{"line":141,"column":16},"end":{"line":141,"column":35}},"61":{"start":{"line":145,"column":4},"end":{"line":145,"column":45}},"62":{"start":{"line":149,"column":0},"end":{"line":167,"column":2}},"63":{"start":{"line":150,"column":4},"end":{"line":150,"column":20}},"64":{"start":{"line":152,"column":4},"end":{"line":165,"column":7}},"65":{"start":{"line":154,"column":8},"end":{"line":154,"column":33}},"66":{"start":{"line":155,"column":8},"end":{"line":155,"column":33}},"67":{"start":{"line":157,"column":8},"end":{"line":164,"column":11}},"68":{"start":{"line":158,"column":12},"end":{"line":158,"column":34}},"69":{"start":{"line":160,"column":12},"end":{"line":163,"column":13}},"70":{"start":{"line":161,"column":16},"end":{"line":161,"column":99}},"71":{"start":{"line":162,"column":16},"end":{"line":162,"column":111}},"72":{"start":{"line":169,"column":0},"end":{"line":178,"column":2}},"73":{"start":{"line":170,"column":4},"end":{"line":170,"column":20}},"74":{"start":{"line":172,"column":4},"end":{"line":172,"column":67}},"75":{"start":{"line":172,"column":42},"end":{"line":172,"column":67}},"76":{"start":{"line":174,"column":4},"end":{"line":177,"column":7}},"77":{"start":{"line":175,"column":8},"end":{"line":175,"column":62}},"78":{"start":{"line":176,"column":8},"end":{"line":176,"column":45}},"79":{"start":{"line":180,"column":0},"end":{"line":191,"column":2}},"80":{"start":{"line":181,"column":4},"end":{"line":181,"column":56}},"81":{"start":{"line":183,"column":4},"end":{"line":188,"column":5}},"82":{"start":{"line":184,"column":8},"end":{"line":184,"column":88}},"83":{"start":{"line":186,"column":8},"end":{"line":186,"column":62}},"84":{"start":{"line":187,"column":8},"end":{"line":187,"column":60}},"85":{"start":{"line":190,"column":4},"end":{"line":190,"column":29}},"86":{"start":{"line":193,"column":0},"end":{"line":215,"column":2}},"87":{"start":{"line":194,"column":4},"end":{"line":194,"column":20}},"88":{"start":{"line":196,"column":4},"end":{"line":212,"column":7}},"89":{"start":{"line":198,"column":8},"end":{"line":207,"column":11}},"90":{"start":{"line":199,"column":12},"end":{"line":205,"column":13}},"91":{"start":{"line":200,"column":16},"end":{"line":200,"column":55}},"92":{"start":{"line":201,"column":16},"end":{"line":203,"column":17}},"93":{"start":{"line":202,"column":20},"end":{"line":202,"column":54}},"94":{"start":{"line":204,"column":16},"end":{"line":204,"column":29}},"95":{"start":{"line":206,"column":12},"end":{"line":206,"column":24}},"96":{"start":{"line":209,"column":8},"end":{"line":211,"column":9}},"97":{"start":{"line":210,"column":12},"end":{"line":210,"column":132}},"98":{"start":{"line":214,"column":4},"end":{"line":214,"column":16}},"99":{"start":{"line":217,"column":0},"end":{"line":257,"column":2}},"100":{"start":{"line":218,"column":4},"end":{"line":219,"column":23}},"101":{"start":{"line":221,"column":4},"end":{"line":250,"column":7}},"102":{"start":{"line":222,"column":8},"end":{"line":222,"column":90}},"103":{"start":{"line":223,"column":8},"end":{"line":223,"column":92}},"104":{"start":{"line":226,"column":8},"end":{"line":228,"column":9}},"105":{"start":{"line":227,"column":12},"end":{"line":227,"column":42}},"106":{"start":{"line":230,"column":8},"end":{"line":230,"column":38}},"107":{"start":{"line":231,"column":8},"end":{"line":231,"column":113}},"108":{"start":{"line":233,"column":8},"end":{"line":249,"column":9}},"109":{"start":{"line":234,"column":12},"end":{"line":245,"column":14}},"110":{"start":{"line":237,"column":24},"end":{"line":241,"column":25}},"111":{"start":{"line":238,"column":28},"end":{"line":238,"column":212}},"112":{"start":{"line":240,"column":28},"end":{"line":240,"column":53}},"113":{"start":{"line":243,"column":24},"end":{"line":243,"column":80}},"114":{"start":{"line":246,"column":12},"end":{"line":246,"column":61}},"115":{"start":{"line":248,"column":12},"end":{"line":248,"column":57}},"116":{"start":{"line":252,"column":4},"end":{"line":256,"column":11}},"117":{"start":{"line":254,"column":12},"end":{"line":254,"column":42}},"118":{"start":{"line":255,"column":12},"end":{"line":255,"column":24}},"119":{"start":{"line":259,"column":0},"end":{"line":265,"column":2}},"120":{"start":{"line":268,"column":0},"end":{"line":290,"column":2}},"121":{"start":{"line":270,"column":4},"end":{"line":272,"column":5}},"122":{"start":{"line":271,"column":8},"end":{"line":271,"column":20}},"123":{"start":{"line":274,"column":4},"end":{"line":274,"column":20}},"124":{"start":{"line":276,"column":4},"end":{"line":289,"column":7}},"125":{"start":{"line":278,"column":8},"end":{"line":278,"column":55}},"126":{"start":{"line":279,"column":8},"end":{"line":288,"column":9}},"127":{"start":{"line":281,"column":12},"end":{"line":287,"column":15}},"128":{"start":{"line":285,"column":16},"end":{"line":285,"column":35}},"129":{"start":{"line":285,"column":24},"end":{"line":285,"column":35}},"130":{"start":{"line":286,"column":16},"end":{"line":286,"column":59}},"131":{"start":{"line":293,"column":0},"end":{"line":336,"column":2}},"132":{"start":{"line":294,"column":4},"end":{"line":296,"column":39}},"133":{"start":{"line":298,"column":4},"end":{"line":314,"column":5}},"134":{"start":{"line":299,"column":8},"end":{"line":299,"column":64}},"135":{"start":{"line":302,"column":8},"end":{"line":313,"column":9}},"136":{"start":{"line":304,"column":16},"end":{"line":304,"column":102}},"137":{"start":{"line":305,"column":16},"end":{"line":305,"column":22}},"138":{"start":{"line":308,"column":16},"end":{"line":308,"column":86}},"139":{"start":{"line":309,"column":16},"end":{"line":309,"column":22}},"140":{"start":{"line":312,"column":16},"end":{"line":312,"column":51}},"141":{"start":{"line":316,"column":4},"end":{"line":333,"column":7}},"142":{"start":{"line":317,"column":8},"end":{"line":332,"column":12}},"143":{"start":{"line":318,"column":12},"end":{"line":318,"column":90}},"144":{"start":{"line":321,"column":12},"end":{"line":331,"column":15}},"145":{"start":{"line":322,"column":16},"end":{"line":322,"column":43}},"146":{"start":{"line":322,"column":24},"end":{"line":322,"column":43}},"147":{"start":{"line":324,"column":16},"end":{"line":329,"column":19}},"148":{"start":{"line":325,"column":20},"end":{"line":325,"column":47}},"149":{"start":{"line":325,"column":28},"end":{"line":325,"column":47}},"150":{"start":{"line":327,"column":20},"end":{"line":327,"column":89}},"151":{"start":{"line":328,"column":20},"end":{"line":328,"column":30}},"152":{"start":{"line":335,"column":4},"end":{"line":335,"column":50}},"153":{"start":{"line":338,"column":0},"end":{"line":356,"column":2}},"154":{"start":{"line":339,"column":4},"end":{"line":340,"column":25}},"155":{"start":{"line":342,"column":4},"end":{"line":353,"column":7}},"156":{"start":{"line":343,"column":8},"end":{"line":352,"column":11}},"157":{"start":{"line":344,"column":12},"end":{"line":344,"column":32}},"158":{"start":{"line":345,"column":12},"end":{"line":350,"column":13}},"159":{"start":{"line":347,"column":16},"end":{"line":347,"column":69}},"160":{"start":{"line":349,"column":16},"end":{"line":349,"column":45}},"161":{"start":{"line":351,"column":12},"end":{"line":351,"column":133}},"162":{"start":{"line":355,"column":4},"end":{"line":355,"column":36}},"163":{"start":{"line":358,"column":0},"end":{"line":421,"column":2}},"164":{"start":{"line":359,"column":4},"end":{"line":359,"column":20}},"165":{"start":{"line":362,"column":4},"end":{"line":363,"column":46}},"166":{"start":{"line":365,"column":4},"end":{"line":365,"column":20}},"167":{"start":{"line":367,"column":4},"end":{"line":376,"column":7}},"168":{"start":{"line":368,"column":8},"end":{"line":375,"column":9}},"169":{"start":{"line":369,"column":12},"end":{"line":369,"column":29}},"170":{"start":{"line":370,"column":12},"end":{"line":370,"column":71}},"171":{"start":{"line":372,"column":12},"end":{"line":372,"column":70}},"172":{"start":{"line":374,"column":12},"end":{"line":374,"column":67}},"173":{"start":{"line":378,"column":4},"end":{"line":378,"column":31}},"174":{"start":{"line":380,"column":4},"end":{"line":420,"column":7}},"175":{"start":{"line":382,"column":8},"end":{"line":385,"column":9}},"176":{"start":{"line":383,"column":12},"end":{"line":383,"column":22}},"177":{"start":{"line":384,"column":12},"end":{"line":384,"column":19}},"178":{"start":{"line":389,"column":8},"end":{"line":419,"column":23}},"179":{"start":{"line":390,"column":12},"end":{"line":397,"column":13}},"180":{"start":{"line":391,"column":16},"end":{"line":393,"column":27}},"181":{"start":{"line":392,"column":20},"end":{"line":392,"column":33}},"182":{"start":{"line":396,"column":16},"end":{"line":396,"column":26}},"183":{"start":{"line":400,"column":16},"end":{"line":400,"column":37}},"184":{"start":{"line":402,"column":16},"end":{"line":416,"column":19}},"185":{"start":{"line":404,"column":20},"end":{"line":407,"column":21}},"186":{"start":{"line":405,"column":24},"end":{"line":405,"column":55}},"187":{"start":{"line":406,"column":24},"end":{"line":406,"column":31}},"188":{"start":{"line":409,"column":20},"end":{"line":415,"column":28}},"189":{"start":{"line":414,"column":28},"end":{"line":414,"column":44}},"190":{"start":{"line":418,"column":16},"end":{"line":418,"column":63}},"191":{"start":{"line":423,"column":0},"end":{"line":462,"column":2}},"192":{"start":{"line":424,"column":4},"end":{"line":425,"column":25}},"193":{"start":{"line":427,"column":4},"end":{"line":459,"column":7}},"194":{"start":{"line":429,"column":8},"end":{"line":458,"column":9}},"195":{"start":{"line":432,"column":12},"end":{"line":450,"column":13}},"196":{"start":{"line":433,"column":16},"end":{"line":442,"column":19}},"197":{"start":{"line":434,"column":20},"end":{"line":434,"column":107}},"198":{"start":{"line":436,"column":20},"end":{"line":441,"column":21}},"199":{"start":{"line":437,"column":24},"end":{"line":437,"column":93}},"200":{"start":{"line":440,"column":24},"end":{"line":440,"column":79}},"201":{"start":{"line":445,"column":16},"end":{"line":449,"column":19}},"202":{"start":{"line":453,"column":12},"end":{"line":457,"column":15}},"203":{"start":{"line":461,"column":4},"end":{"line":461,"column":36}},"204":{"start":{"line":464,"column":0},"end":{"line":466,"column":2}},"205":{"start":{"line":465,"column":4},"end":{"line":465,"column":77}},"206":{"start":{"line":468,"column":0},"end":{"line":478,"column":2}},"207":{"start":{"line":469,"column":4},"end":{"line":477,"column":6}},"208":{"start":{"line":470,"column":8},"end":{"line":470,"column":56}},"209":{"start":{"line":471,"column":8},"end":{"line":471,"column":81}},"210":{"start":{"line":471,"column":47},"end":{"line":471,"column":81}},"211":{"start":{"line":473,"column":8},"end":{"line":476,"column":11}},"212":{"start":{"line":474,"column":12},"end":{"line":474,"column":39}},"213":{"start":{"line":474,"column":20},"end":{"line":474,"column":39}},"214":{"start":{"line":475,"column":12},"end":{"line":475,"column":22}},"215":{"start":{"line":480,"column":0},"end":{"line":519,"column":2}},"216":{"start":{"line":481,"column":4},"end":{"line":482,"column":21}},"217":{"start":{"line":484,"column":4},"end":{"line":516,"column":7}},"218":{"start":{"line":485,"column":8},"end":{"line":485,"column":56}},"219":{"start":{"line":485,"column":49},"end":{"line":485,"column":56}},"220":{"start":{"line":488,"column":8},"end":{"line":490,"column":9}},"221":{"start":{"line":489,"column":12},"end":{"line":489,"column":136}},"222":{"start":{"line":493,"column":8},"end":{"line":495,"column":9}},"223":{"start":{"line":494,"column":12},"end":{"line":494,"column":144}},"224":{"start":{"line":498,"column":8},"end":{"line":498,"column":114}},"225":{"start":{"line":501,"column":8},"end":{"line":515,"column":9}},"226":{"start":{"line":502,"column":12},"end":{"line":502,"column":81}},"227":{"start":{"line":505,"column":12},"end":{"line":512,"column":14}},"228":{"start":{"line":514,"column":12},"end":{"line":514,"column":78}},"229":{"start":{"line":518,"column":4},"end":{"line":518,"column":32}},"230":{"start":{"line":521,"column":0},"end":{"line":554,"column":2}},"231":{"start":{"line":522,"column":4},"end":{"line":523,"column":21}},"232":{"start":{"line":525,"column":4},"end":{"line":551,"column":7}},"233":{"start":{"line":526,"column":8},"end":{"line":526,"column":80}},"234":{"start":{"line":526,"column":73},"end":{"line":526,"column":80}},"235":{"start":{"line":529,"column":8},"end":{"line":550,"column":12}},"236":{"start":{"line":530,"column":12},"end":{"line":530,"column":68}},"237":{"start":{"line":532,"column":12},"end":{"line":549,"column":15}},"238":{"start":{"line":540,"column":16},"end":{"line":548,"column":17}},"239":{"start":{"line":540,"column":27},"end":{"line":540,"column":37}},"240":{"start":{"line":542,"column":20},"end":{"line":547,"column":22}},"241":{"start":{"line":553,"column":4},"end":{"line":553,"column":32}},"242":{"start":{"line":556,"column":0},"end":{"line":587,"column":2}},"243":{"start":{"line":557,"column":4},"end":{"line":557,"column":20}},"244":{"start":{"line":558,"column":4},"end":{"line":558,"column":65}},"245":{"start":{"line":559,"column":4},"end":{"line":559,"column":62}},"246":{"start":{"line":560,"column":4},"end":{"line":560,"column":60}},"247":{"start":{"line":562,"column":4},"end":{"line":562,"column":38}},"248":{"start":{"line":563,"column":4},"end":{"line":586,"column":7}},"249":{"start":{"line":564,"column":8},"end":{"line":564,"column":152}},"250":{"start":{"line":566,"column":8},"end":{"line":566,"column":30}},"251":{"start":{"line":568,"column":8},"end":{"line":570,"column":11}},"252":{"start":{"line":569,"column":12},"end":{"line":569,"column":38}},"253":{"start":{"line":572,"column":8},"end":{"line":574,"column":11}},"254":{"start":{"line":573,"column":12},"end":{"line":573,"column":38}},"255":{"start":{"line":576,"column":8},"end":{"line":579,"column":11}},"256":{"start":{"line":577,"column":12},"end":{"line":577,"column":57}},"257":{"start":{"line":578,"column":12},"end":{"line":578,"column":24}},"258":{"start":{"line":581,"column":8},"end":{"line":585,"column":11}},"259":{"start":{"line":582,"column":12},"end":{"line":582,"column":40}},"260":{"start":{"line":583,"column":12},"end":{"line":583,"column":61}},"261":{"start":{"line":584,"column":12},"end":{"line":584,"column":22}},"262":{"start":{"line":589,"column":0},"end":{"line":591,"column":2}},"263":{"start":{"line":590,"column":4},"end":{"line":590,"column":41}},"264":{"start":{"line":593,"column
[...]
230":0,"237":0,"239":0,"244":0,"245":0,"248":0,"249":0,"252":0}},"/home/travis/build/npmtest/node-npmtest-node-webkit-builder/node_modules/node-webkit-builder/lib/downloader.js":{"path":"/home/travis/build/npmtest/node-npmtest-node-webkit-builder/node_modules/node-webkit-builder/lib/downloader.js","s":{"1":1,"2":1,"3":1,"4":1,"5":1,"6":1,"7":1,"8":1,"9":1,"10":1,"11":1,"12":1,"13":1,"14":1,"15":1,"16":0,"17":0,"18":0,"19":0,"20":0,"21":0,"22":0,"23":0,"24":0,"25":0,"26":1,"27":0,"28":0,"29":0,"30":0,"31":0,"32":0,"33":0,"34":0,"35":0,"36":0,"37":0,"38":0,"39":0,"40":0,"41":0,"42":0,"43":0,"44":0,"45":0,"46":0,"47":0,"48":0,"49":0,"50":0,"51":0,"52":0,"53":0,"54":0,"55":0,"56":0,"57":0,"58":0,"59":0,"60":0,"61":0,"62":0,"63":0,"64":0,"65":0,"66":0,"67":0,"68":0,"69":0,"70":0,"71":0,"72":0,"73":0,"74":0,"75":0,"76":0,"77":0,"78":0,"79":0,"80":0,"81":0,"82":0,"83":0,"84":0,"85":0,"86":0,"87":0},"b":{"1":[0,0],"2":[0,0],"3":[0,0],"4":[0,0],"5":[0,0],"6":[0,0],"7":[0,0],"8":[0,0,0],"9":[0,0],"10":[0,0],"11":[0,0],"12":[0,0],"13":[0,0],"14":[0,0],"15":[0,0],"16":[0,0],"17":[0,0],"18":[0,0]},"f":{"1":0,"2":0,"3":0,"4":0,"5":0,"6":0,"7":0,"8":0,"9":0,"10":0,"11":0,"12":0,"13":0,"14":0,"15":0,"16":0,"17":0,"18":0,"19":0,"20":0,"21":0,"22":0,"23":0,"24":0},"fnMap":{"1":{"name":"(anonymous_1)","line":21,"loc":{"start":{"line":21,"column":16},"end":{"line":21,"column":43}}},"2":{"name":"(anonymous_2)","line":23,"loc":{"start":{"line":23,"column":22},"end":{"line":23,"column":37}}},"3":{"name":"(anonymous_3)","line":34,"loc":{"start":{"line":34,"column":22},"end":{"line":34,"column":33}}},"4":{"name":"(anonymous_4)","line":38,"loc":{"start":{"line":38,"column":23},"end":{"line":38,"column":48}}},"5":{"name":"format","line":46,"loc":{"start":{"line":46,"column":8},"end":{"line":46,"column":36}}},"6":{"name":"(anonymous_6)","line":51,"loc":{"start":{"line":51,"column":23},"end":{"line":51,"column":37}}},"7":{"name":"(anonymous_7)","line":55,"loc":{"start":{"line":55,"column":26},"end":{"line":55,"column":41}}},"8":{"name":"(anonymous_8)","line":75,"loc":{"start":{"line":75,"column":22},"end":{"line":75,"column":38}}},"9":{"name":"(anonymous_9)","line":82,"loc":{"start":{"line":82,"column":31},"end":{"line":82,"column":42}}},"10":{"name":"(anonymous_10)","line":84,"loc":{"start":{"line":84,"column":88},"end":{"line":84,"column":104}}},"11":{"name":"(anonymous_11)","line":93,"loc":{"start":{"line":93,"column":30},"end":{"line":93,"column":44}}},"12":{"name":"(anonymous_12)","line":95,"loc":{"start":{"line":95,"column":80},"end":{"line":95,"column":96}}},"13":{"name":"(anonymous_13)","line":103,"loc":{"start":{"line":103,"column":16},"end":{"line":103,"column":49}}},"14":{"name":"(anonymous_14)","line":110,"loc":{"start":{"line":110,"column":25},"end":{"line":110,"column":38}}},"15":{"name":"(anonymous_15)","line":115,"loc":{"start":{"line":115,"column":21},"end":{"line":115,"column":38}}},"16":{"name":"(anonymous_16)","line":120,"loc":{"start":{"line":120,"column":26},"end":{"line":120,"column":37}}},"17":{"name":"(anonymous_17)","line":126,"loc":{"start":{"line":126,"column":16},"end":{"line":126,"column":47}}},"18":{"name":"(anonymous_18)","line":131,"loc":{"start":{"line":131,"column":25},"end":{"line":131,"column":38}}},"19":{"name":"(anonymous_19)","line":134,"loc":{"start":{"line":134,"column":27},"end":{"line":134,"column":41}}},"20":{"name":"(anonymous_20)","line":136,"loc":{"start":{"line":136,"column":30},"end":{"line":136,"column":45}}},"21":{"name":"(anonymous_21)","line":144,"loc":{"start":{"line":144,"column":24},"end":{"line":144,"column":40}}},"22":{"name":"(anonymous_22)","line":156,"loc":{"start":{"line":156,"column":21},"end":{"line":156,"column":40}}},"23":{"name":"(anonymous_23)","line":175,"loc":{"start":{"line":175,"column":38},"end":{"line":175,"column":53}}},"24":{"name":"(anonymous_24)","line":177,"loc":{"start":{"line":177,"column":37},"end":{"line":177,"column":47}}}},"statementMap":{"1":{"start":{"line":1,"column":0},"end":{"line":1,"column":34}},"2":{"start":{"line":2,"column":0},"end":{"line":2,"column":33}},"3":{"start":{"line":3,"column":0},"end":{"line":3,"column":35}},"4":{"start":{"line":4,"column":0},"end":{"line":4,"column":23}},"5":{"start":{"line":5,"column":0},"end":{"line":5,"column":27}},"6":{"start":{"line":6,"column":0},"end":{"line":6,"column":27}},"7":{"start":{"line":7,"column":0},"end":{"line":7,"column":28}},"8":{"start":{"line":8,"column":0},"end":{"line":8,"column":27}},"9":{"start":{"line":9,"column":0},"end":{"line":9,"column":46}},"10":{"start":{"line":10,"column":0},"end":{"line":10,"column":38}},"11":{"start":{"line":11,"column":0},"end":{"line":11,"column":31}},"12":{"start":{"line":14,"column":0},"end":{"line":14,"column":13}},"13":{"start":{"line":15,"column":0},"end":{"line":15,"column":42}},"14":{"start":{"line":18,"column":0},"end":{"line":18,"column":8}},"15":{"start":{"line":20,"column":0},"end":{"line":187,"column":2}},"16":{"start":{"line":22,"column":8},"end":{"line":22,"column":20}},"17":{"start":{"line":23,"column":8},"end":{"line":30,"column":11}},"18":{"start":{"line":24,"column":12},"end":{"line":26,"column":13}},"19":{"start":{"line":25,"column":16},"end":{"line":25,"column":23}},"20":{"start":{"line":27,"column":12},"end":{"line":29,"column":13}},"21":{"start":{"line":28,"column":16},"end":{"line":28,"column":31}},"22":{"start":{"line":32,"column":8},"end":{"line":32,"column":24}},"23":{"start":{"line":35,"column":8},"end":{"line":35,"column":31}},"24":{"start":{"line":36,"column":8},"end":{"line":36,"column":19}},"25":{"start":{"line":39,"column":8},"end":{"line":44,"column":19}},"26":{"start":{"line":46,"column":8},"end":{"line":48,"column":9}},"27":{"start":{"line":47,"column":12},"end":{"line":47,"column":80}},"28":{"start":{"line":50,"column":8},"end":{"line":50,"column":24}},"29":{"start":{"line":51,"column":8},"end":{"line":54,"column":11}},"30":{"start":{"line":52,"column":12},"end":{"line":52,"column":35}},"31":{"start":{"line":53,"column":12},"end":{"line":53,"column":29}},"32":{"start":{"line":55,"column":8},"end":{"line":74,"column":11}},"33":{"start":{"line":56,"column":12},"end":{"line":56,"column":62}},"34":{"start":{"line":57,"column":12},"end":{"line":73,"column":13}},"35":{"start":{"line":58,"column":16},"end":{"line":61,"column":19}},"36":{"start":{"line":62,"column":19},"end":{"line":73,"column":13}},"37":{"start":{"line":63,"column":16},"end":{"line":72,"column":17}},"38":{"start":{"line":64,"column":20},"end":{"line":69,"column":23}},"39":{"start":{"line":71,"column":20},"end":{"line":71,"column":37}},"40":{"start":{"line":75,"column":8},"end":{"line":77,"column":11}},"41":{"start":{"line":76,"column":12},"end":{"line":76,"column":49}},"42":{"start":{"line":79,"column":8},"end":{"line":90,"column":9}},"43":{"start":{"line":80,"column":12},"end":{"line":80,"column":46}},"44":{"start":{"line":82,"column":12},"end":{"line":87,"column":15}},"45":{"start":{"line":83,"column":16},"end":{"line":83,"column":53}},"46":{"start":{"line":83,"column":46},"end":{"line":83,"column":53}},"47":{"start":{"line":84,"column":16},"end":{"line":86,"column":19}},"48":{"start":{"line":85,"column":20},"end":{"line":85,"column":40}},"49":{"start":{"line":89,"column":12},"end":{"line":89,"column":28}},"50":{"start":{"line":92,"column":8},"end":{"line":99,"column":9}},"51":{"start":{"line":93,"column":12},"end":{"line":98,"column":15}},"52":{"start":{"line":94,"column":16},"end":{"line":94,"column":50}},"53":{"start":{"line":94,"column":43},"end":{"line":94,"column":50}},"54":{"start":{"line":95,"column":16},"end":{"line":97,"column":19}},"55":{"start":{"line":96,"column":20},"end":{"line":96,"column":40}},"56":{"start":{"line":101,"column":8},"end":{"line":101,"column":28}},"57":{"start":{"line":104,"column":8},"end":{"line":106,"column":23}},"58":{"start":{"line":108,"column":8},"end":{"line":122,"column":15}},"59":{"start":{"line":111,"column":16},"end":{"line":111,"column":33}},"60":{"start":{"line":116,"column":20},"end":{"line":116,"column":67}},"61":{"start":{"line":117,"column":20},"end":{"line":117,"column":34}},"62":{"start":{"line":121,"column":16},"end":{"line":121,"column":69}},"63":{"start":{"line":124,"column":8},"end":{"line":124,"column":28}},"64":{"start":{"line":127,"column":8},"end":{"line":128,"column":35}},"65":{"start":{"line":130,"column":8},"end":{"line":152,"column":15}},"66":{"start":{"line":132,"column":16},"end":{"line":132,"column":33}},"67":{"start":{"line":136,"column":16},"end":{"line":138,"column":19}},"68":{"start":{"line":137,"column":20},"end":{"line":137,"column":79}},"69":{"start":{"line":140,"column":16},"end":{"line":140,"column":69}},"70":{"start":{"line":145,"column":20},"end":{"line":148,"column":23}},"71":{"start":{"line":150,"column":20},"end":{"line":150,"column":32}},"72":{"start":{"line":154,"column":8},"end":{"line":154,"column":28}},"73":{"start":{"line":157,"column":8},"end":{"line":161,"column":89}},"74":{"start":{"line":164,"column":8},"end":{"line":183,"column":9}},"75":{"start":{"line":166,"column":12},"end":{"line":173,"column":13}},"76":{"start":{"line":167,"column":16},"end":{"line":167,"column":36}},"77":{"start":{"line":168,"column":16},"end":{"line":168,"column":67}},"78":{"start":{"line":169,"column":16},"end":{"line":172,"column":17}},"79":{"start":{"line":170,"column":20},"end":{"line":170,"column":39}},"80":{"start":{"line":171,"column":20},"end":{"line":171,"column":24}},"81":{"start":{"line":175,"column":12},"end":{"line":180,"column":15}},"82":{"start":{"line":176,"column":16},"end":{"line":179,"column":19}},"83":{"start":{"line":176,"column":25},"end":{"line":176,"column":39}},"84":{"start":{"line":177,"column":21},"end":{"line":179,"column":19}},"85":{"start":{"line":178,"column":20},"end":{"line":178,"column":40}},"86":{"start":{"line":182,"column":12},"end":{"line":182,"column":32}},"87":{"start":{"line":185,"column":8},"end":{"line":185,"column":28}}},"branchMap":{"1":{"line":24,"type":"if","locations":[{"start":{"line":24,"column":12},"end":{"line":24,"column":12}},{"start":{"line":24,"column":12},"end":{"line":24,"column":12}}]},"2":{"line":27,"type":"if","locations":[{"start":{"line":27,"column":12},"end":{"line":27,"column":12}},{"start":{"line":27,"column":12},"end":{"line":27,"column":12}}]},"3":{"line":35,"type":"binary-expr","locations":[{"start":{"line":35,"column":8},"end":{"line":35,"column":11}},{"start":{"line":35,"column":15},"end":{"line":35,"column":30}}]},"4":{"line":52,"type":"binary-expr","locations":[{"start":{"line":52,"column":12},"end":{"line":52,"column":15}},{"start":{"line":52,"column":19},"end":{"line":52,"column":34}}]},"5":{"line":57,"type":"if","locations":[{"start":{"line":57,"column":12},"end":{"line":57,"column":12}},{"start":{"line":57,"column":12},"end":{"line":57,"column":12}}]},"6":{"line":62,"type":"if","locations":[{"start":{"line":62,"column":19},"end":{"line":62,"column":19}},{"start":{"line":62,"column":19},"end":{"line":62,"column":19}}]},"7":{"line":63,"type":"if","locations":[{"start":{"line":63,"column":16},"end":{"line":63,"column":16}},{"start":{"line":63,"column":16},"end":{"line":63,"column":16}}]},"8":{"line":76,"type":"binary-expr","locations":[{"start":{"line":76,"column":12},"end":{"line":76,"column":15}},{"start":{"line":76,"column":19},"end":{"line":76,"column":22}},{"start":{"line":76,"column":26},"end":{"line":76,"column":48}}]},"9":{"line":79,"type":"if","locations":[{"start":{"line":79,"column":8},"end":{"line":79,"column":8}},{"start":{"line":79,"column":8},"end":{"line":79,"column":8}}]},"10":{"line":83,"type":"if","locations":[{"start":{"line":83,"column":16},"end":{"line":83,"column":16}},{"start":{"line":83,"column":16},"end":{"line":83,"column":16}}]},"11":{"line":92,"type":"if","locations":[{"start":{"line":92,"column":8},"end":{"line":92,"column":8}},{"start":{"line":92,"column":8},"end":{"line":92,"column":8}}]},"12":{"line":94,"type":"if","locations":[{"start":{"line":94,"column":16},"end":{"line":94,"column":16}},{"start":{"line":94,"column":16},"end":{"line":94,"column":16}}]},"13":{"line":114,"type":"cond-expr","locations":[{"start":{"line":114,"column":32},"end":{"line":114,"column":37}},{"start":{"line":114,"column":40},"end":{"line":114,"column":41}}]},"14":{"line":161,"type":"cond-expr","locations":[{"start":{"line":161,"column":70},"end":{"line":161,"column":82}},{"start":{"line":161,"column":85},"end":{"line":161,"column":87}}]},"15":{"line":164,"type":"if","locations":[{"start":{"line":164,"column":8},"end":{"line":164,"column":8}},{"start":{"line":164,"column":8},"end":{"line":164,"column":8}}]},"16":{"line":164,"type":"binary-expr","locations":[{"start":{"line":164,"column":11},"end":{"line":164,"column":33}},{"start":{"line":164,"column":37},"end":{"line":164,"column":71}}]},"17":{"line":169,"type":"if","locations":[{"start":{"line":169,"column":16},"end":{"line":169,"column":16}},{"start":{"line":169,"column":16},"end":{"line":169,"column":16}}]},"18":{"line":176,"type":"if","locations":[{"start":{"line":176,"column":16},"end":{"line":176,"column":16}},{"start":{"line":176,"column":16},"end":{"line":176,"column":16}}]}},"code":["var Promise = require('bluebird');","var request = require('request');","var progress = require('progress');","var fs = require('fs');","var path = require('path');","var zlib = require('zlib');","var tar = require('tar-fs');","var temp = require('temp');","var DecompressZip = require('decompress-zip');","var ncp = require('graceful-ncp').ncp;","var rimraf = require('rimraf');","","// Automatically track and cleanup files at exit","temp.track();","var isWin = /^win/.test(process.platform);","","// one progressbar for all downloads","var bar;","","module.exports = {","    checkCache: function(cachepath, files) {","        var missing;","        files.forEach(function(file) {","            if (missing) {","                return;","            }","            if (!fs.existsSync(path.join(cachepath, file))) {","                missing = true;","            }","        });","","        return !missing;","    },","    clearProgressbar: function() {","        bar && bar.terminate();","        bar = null;","    },","    downloadAndUnpack: function(cachepath, url) {","        var extention = path.extname(url),","            done = Promise.defer(),","            self = this,","            rq = request(url),","            len,","            stream;","","        function format(statusCode) {","            return statusCode + ': ' + require('http').STATUS_CODES[statusCode];","        }","","        rq.proxy = true;","        rq.on('error', function(err) {","            bar && bar.terminate();","            done.reject(err);","        });","        rq.on('response', function (res) {","            len = parseInt(res.headers['content-length'], 10);","            if (res.statusCode !== 200) {","                done.reject({","                    statusCode: res.statusCode,","                    msg: 'Recieved status code ' + format(res.statusCode)","                });","            } else if (len) {","                if (!bar) {","                    bar = new progress('  downloading [:bar] :percent :etas', {","                        complete: '=',","                        incomplete: '-',","                        width: 20,","                        total: len","                    });","                } else {","                    bar.total += len;","                }","            }","        });","        rq.on('data', function(chunk) {","            len && bar && bar.tick(chunk.length);","        });","","        if (extention === '.zip') {","            stream = temp.createWriteStream();","","            stream.on('close', function() {","                if(done.promise.isRejected()) return;","                self.extractZip(stream.path, cachepath).then(self.stripRootFolder).then(function(files) {","                    done.resolve(files);","                });","            });","","            rq.pipe(stream);","        }","","        if (extention === '.gz') {","            rq.on('response', function(res) {","                if(res.statusCode !== 200) return;","                self.extractTar(res, cachepath).then(self.stripRootFolder).then(function(files) {","                    done.resolve(files);","                });","            });","        }","","        return done.promise;","    },","    extractTar: function(tarstream, destination) {","        var done = Promise.defer(),","            gunzip = zlib.createGunzip(),","            files = [];","","        tarstream","            .pipe(gunzip)","            .on('error', function(err){","                done.reject(err);","            })","            .pipe(tar.extract(destination, {","                umask: (isWin ? false : 0),","                map: function(header) {","                    files.push({path: path.basename(header.name)});","                    return header;","                }","            }))","            .on('finish', function() {","                done.resolve({files:files, destination:destination});","            });","","        return done.promise;","    },","    extractZip: function(zipfile, destination) {","        var files = [],","            done = Promise.defer();","","        new DecompressZip(zipfile)","            .on('error', function(err){","                done.reject(err);","            })","            .on('extract', function(log) {","                // Setup chmodSync to fix permissions","                files.forEach(function(file) {","                    fs.chmodSync(path.join(destination, file.path), file.mode);","                });","","                done.resolve({files:files, destination:destination});","            })","            .extract({","                path: destination,","                filter: function(entry) {","                    files.push({","                        path: entry.path,","                        mode: entry.mode.toString(8)","                    });","","                    return true;","                }","            });","","        return done.promise;","    },","    stripRootFolder: function(extracted){","        var done = Promise.defer(),","            files = extracted.files,","            destination = extracted.destination,","            rootFiles = fs.readdirSync(destination),","            fromDir = path.join(destination, rootFiles.length === 1 ? rootFiles[0] : '');","","        // strip out root folder if it exists","        if(rootFiles.length === 1 && fs.statSync(fromDir).isDirectory() ){","            // strip folder from files","            for (var i = 0; i < files.length; i++) {","                var file = files[i];","                file.path = path.relative(rootFiles[0], file.path);","                if(file.path === '') {","                    files.splice(i, 1);","                    i--;","                }","            }","            // move stripped folder to destination","            ncp(fromDir, destination, function (err) {","                if (err) done.reject();","                else rimraf(fromDir, function(){","                    done.resolve(files);","                });","            });","        } else {","            done.resolve(files);","        }","","        return done.promise;","    }","};",""],"l":{"1":1,"2":1,"3":1,"4":1,"5":1,"6":1,"7":1,"8":1,"9":1,"10":1,"11":1,"14":1,"15":1,"18":1,"20":1,"22":0,"23":0,"24":0,"25":0,"27":0,"28":0,"32":0,"35":0,"36":0,"39":0,"46":1,"47":0,"50":0,"51":0,"52":0,"53":0,"55":0,"56":0,"57":0,"58":0,"62":0,"63":0,"64":0,"71":0,"75":0,"76":0,"79":0,"80":0,"82":0,"83":0,"84":0,"85":0,"89":0,"92":0,"93":0,"94":0,"95":0,"96":0,"101":0,"104":0,"108":0,"111":0,"116":0,"117":0,"121":0,"124":0,"127":0,"130":0,"132":0,"136":0,"137":0,"140":0,"145":0,"150":0,"154":0,"157":0,"164":0,"166":0,"167":0,"168":0,"169":0,"170":0,"171":0,"175":0,"176":0,"177":0,"178":0,"182":0,"185":0}}}